Log file open, 01/13/19 21:57:55
LogWindows: Failed to load 'aqProf.dll' (GetLastError=126)
LogWindows: File 'aqProf.dll' does not exist
LogWindows: Failed to load 'VtuneApi.dll' (GetLastError=126)
LogWindows: File 'VtuneApi.dll' does not exist
LogWindows: Failed to load 'VtuneApi32e.dll' (GetLastError=126)
LogWindows: File 'VtuneApi32e.dll' does not exist
LogConsoleResponse: Display: Failed to find resolution value strings in scalability ini. Falling back to default.
LogInit: Display: Running engine for game: FPSGame
LogPakFile: Registered encryption key '00000000000000000000000000000000': 0 pak files mounted, 0 remain pending
LogPlatformFile: Not using cached read wrapper
LogTaskGraph: Started task graph with 5 named threads and 23 total threads with 3 sets of task threads.
LogStats: Stats thread started at 0.366446
LogD3D11RHI: Loaded GFSDK_Aftermath_Lib.x64.dll
LogICUInternationalization: ICU TimeZone Detection - Raw Offset: -8:00, Platform Override: ''
LogPluginManager: Mounting plugin Paper2D
LogPluginManager: Mounting plugin AISupport
LogPluginManager: Mounting plugin LightPropagationVolume
LogPluginManager: Mounting plugin ActorLayerUtilities
LogPluginManager: Mounting plugin CLionSourceCodeAccess
LogPluginManager: Mounting plugin CodeLiteSourceCodeAccess
LogPluginManager: Mounting plugin GitSourceControl
LogPluginManager: Mounting plugin KDevelopSourceCodeAccess
LogPluginManager: Mounting plugin NullSourceCodeAccess
LogPluginManager: Mounting plugin PerforceSourceControl
LogPluginManager: Mounting plugin SubversionSourceControl
LogPluginManager: Mounting plugin UObjectPlugin
LogPluginManager: Mounting plugin VisualStudioCodeSourceCodeAccess
LogPluginManager: Mounting plugin VisualStudioSourceCodeAccess
LogPluginManager: Mounting plugin XCodeSourceCodeAccess
LogPluginManager: Mounting plugin AssetManagerEditor
LogPluginManager: Mounting plugin CryptoKeys
LogPluginManager: Mounting plugin DataValidation
LogPluginManager: Mounting plugin FacialAnimation
LogPluginManager: Mounting plugin GameplayTagsEditor
LogPluginManager: Mounting plugin MacGraphicsSwitching
LogPluginManager: Mounting plugin MeshEditor
LogPluginManager: Mounting plugin MobileLauncherProfileWizard
LogPluginManager: Mounting plugin PluginBrowser
LogPluginManager: Mounting plugin SpeedTreeImporter
LogPluginManager: Mounting plugin DatasmithContent
LogPluginManager: Mounting plugin VariantManagerContent
LogPluginManager: Mounting plugin AlembicImporter
LogPluginManager: Mounting plugin AppleImageUtils
LogPluginManager: Mounting plugin AppleVision
LogPluginManager: Mounting plugin BackChannel
LogPluginManager: Mounting plugin CharacterAI
LogPluginManager: Mounting plugin GeometryCache
LogPluginManager: Mounting plugin HTML5Networking
LogPluginManager: Mounting plugin ProxyLODPlugin
LogPluginManager: Mounting plugin MagicLeap
LogPluginManager: Mounting plugin MagicLeapMedia
LogPluginManager: Mounting plugin AndroidMedia
LogPluginManager: Mounting plugin AvfMedia
LogPluginManager: Mounting plugin ImgMedia
LogPluginManager: Mounting plugin LinearTimecode
LogPluginManager: Mounting plugin MediaCompositing
LogPluginManager: Mounting plugin MediaPlayerEditor
LogPluginManager: Mounting plugin WebMMedia
LogPluginManager: Mounting plugin WmfMedia
LogPluginManager: Mounting plugin TcpMessaging
LogPluginManager: Mounting plugin UdpMessaging
LogPluginManager: Mounting plugin ActorSequence
LogPluginManager: Mounting plugin LevelSequenceEditor
LogPluginManager: Mounting plugin MatineeToLevelSequence
LogPluginManager: Mounting plugin NetcodeUnitTest
LogPluginManager: Mounting plugin NUTUnrealEngine4
LogPluginManager: Mounting plugin OnlineSubsystemGooglePlay
LogPluginManager: Mounting plugin OnlineSubsystemIOS
LogPluginManager: Mounting plugin OnlineSubsystem
LogPluginManager: Mounting plugin OnlineSubsystemNull
LogPluginManager: Mounting plugin OnlineSubsystemUtils
LogPluginManager: Mounting plugin LauncherChunkInstaller
LogPluginManager: Mounting plugin AndroidDeviceProfileSelector
LogPluginManager: Mounting plugin AndroidMoviePlayer
LogPluginManager: Mounting plugin AndroidPermission
LogPluginManager: Mounting plugin AppleMoviePlayer
LogPluginManager: Mounting plugin ArchVisCharacter
LogPluginManager: Mounting plugin AudioCapture
LogPluginManager: Mounting plugin CableComponent
LogPluginManager: Mounting plugin CustomMeshComponent
LogPluginManager: Mounting plugin EditableMesh
LogPluginManager: Mounting plugin ExampleDeviceProfileSelector
LogPluginManager: Mounting plugin Firebase
LogPluginManager: Mounting plugin GoogleCloudMessaging
LogPluginManager: Mounting plugin IOSDeviceProfileSelector
LogPluginManager: Mounting plugin LinuxDeviceProfileSelector
LogPluginManager: Mounting plugin LocationServicesBPLibrary
LogPluginManager: Mounting plugin MobilePatchingUtils
LogPluginManager: Mounting plugin OculusVR
LogPluginManager: Mounting plugin PhysXVehicles
LogPluginManager: Mounting plugin ProceduralMeshComponent
LogPluginManager: Mounting plugin RuntimePhysXCooking
LogPluginManager: Mounting plugin SteamVR
LogPluginManager: Mounting plugin WebMMoviePlayer
LogPluginManager: Mounting plugin WindowsMoviePlayer
LogStreaming: Display: Took  0.114s to configure plugins.
LogInit: Using libcurl 7.55.1-DEV
LogInit:  - built for x86_64-pc-win32
LogInit:  - supports SSL with OpenSSL/1.0.2h
LogInit:  - supports HTTP deflate (compression) using libz 1.2.8
LogInit:  - other features:
LogInit:      CURL_VERSION_SSL
LogInit:      CURL_VERSION_LIBZ
LogInit:      CURL_VERSION_IPV6
LogInit:      CURL_VERSION_ASYNCHDNS
LogInit:      CURL_VERSION_LARGEFILE
LogInit:      CURL_VERSION_IDN
LogInit:  CurlRequestOptions (configurable via config and command line):
LogInit:  - bVerifyPeer = true  - Libcurl will verify peer certificate
LogInit:  - bUseHttpProxy = false  - Libcurl will NOT use HTTP proxy
LogInit:  - bDontReuseConnections = false  - Libcurl will reuse connections
LogInit:  - MaxHostConnections = 16  - Libcurl will limit the number of connections to a host
LogInit:  - LocalHostAddr = Default
LogInit:  - BufferSize = 65536
LogInit: WinSock: version 1.1 (2.2), MaxSocks=32767, MaxUdp=65467
LogInit: Build: ++UE4+Release-4.21-CL-4613538
LogInit: Engine Version: 4.21.1-4613538+++UE4+Release-4.21
LogInit: Compatible Engine Version: 4.21.0-4541578+++UE4+Release-4.21
LogInit: Net CL: 4541578
LogInit: OS: Windows 8.1 (), CPU: Intel(R) Core(TM) i7-4870HQ CPU @ 2.50GHz, GPU: NVIDIA GeForce GT 750M   
LogInit: Compiled (64-bit): Nov 30 2018 04:13:25
LogInit: Compiled with Visual C++: 19.13.26129.00
LogInit: Build Configuration: Development
LogInit: Branch Name: ++UE4+Release-4.21
LogInit: Command Line:  -skipcompile
LogInit: Base Directory: C:/Program Files/Epic Games/UE_4.21/Engine/Binaries/Win64/
LogInit: Installed Engine Build: 1
LogDevObjectVersion: Number of dev versions registered: 22
LogDevObjectVersion:   Dev-Blueprints (B0D832E4-1F89-4F0D-ACCF-7EB736FD4AA2): 10
LogDevObjectVersion:   Dev-Build (E1C64328-A22C-4D53-A36C-8E866417BD8C): 0
LogDevObjectVersion:   Dev-Core (375EC13C-06E4-48FB-B500-84F0262A717E): 2
LogDevObjectVersion:   Dev-Editor (E4B068ED-F494-42E9-A231-DA0B2E46BB41): 26
LogDevObjectVersion:   Dev-Framework (CFFC743F-43B0-4480-9391-14DF171D2073): 34
LogDevObjectVersion:   Dev-Mobile (B02B49B5-BB20-44E9-A304-32B752E40360): 2
LogDevObjectVersion:   Dev-Networking (A4E4105C-59A1-49B5-A7C5-40C4547EDFEE): 0
LogDevObjectVersion:   Dev-Online (39C831C9-5AE6-47DC-9A44-9C173E1C8E7C): 0
LogDevObjectVersion:   Dev-Physics (78F01B33-EBEA-4F98-B9B4-84EACCB95AA2): 0
LogDevObjectVersion:   Dev-Platform (6631380F-2D4D-43E0-8009-CF276956A95A): 0
LogDevObjectVersion:   Dev-Rendering (12F88B9F-8875-4AFC-A67C-D90C383ABD29): 27
LogDevObjectVersion:   Dev-Sequencer (7B5AE74C-D270-4C10-A958-57980B212A5A): 9
LogDevObjectVersion:   Dev-VR (D7296918-1DD6-4BDD-9DE2-64A83CC13884): 2
LogDevObjectVersion:   Dev-LoadTimes (C2A15278-BFE7-4AFE-6C17-90FF531DF755): 1
LogDevObjectVersion:   Private-Geometry (6EACA3D4-40EC-4CC1-B786-8BED09428FC5): 3
LogDevObjectVersion:   Dev-AnimPhys (29E575DD-E0A3-4627-9D10-D276232CDCEA): 17
LogDevObjectVersion:   Dev-Anim (AF43A65D-7FD3-4947-9873-3E8ED9C1BB05): 2
LogDevObjectVersion:   Dev-ReflectionCapture (6B266CEC-1EC7-4B8F-A30B-E4D90942FC07): 1
LogDevObjectVersion:   Dev-Automation (0DF73D61-A23F-47EA-B727-89E90C41499A): 1
LogDevObjectVersion:   FortniteMain (601D1886-AC64-4F84-AA16-D3DE0DEAC7D6): 17
LogDevObjectVersion:   Dev-Enterprise (9DFFBCD6-494F-0158-E221-12823C92A888): 4
LogDevObjectVersion:   Dev-Niagara (F2AED0AC-9AFE-416F-8664-AA7FFA26D6FC): 1
LogStreaming: Display: Took  0.003s to delete old logs.
LogInit: Presizing for max 8388607 objects, including 0 objects not considered by GC, pre-allocating 0 bytes for permanent pool.
LogInit: Object subsystem initialized
LogConfig: Setting CVar [[con.DebugEarlyDefault:1]]
LogConfig: Setting CVar [[r.setres:1280x720]]
[2019.01.14-05.57.56:171][  0]LogConfig: Setting CVar [[r.VSync:0]]
[2019.01.14-05.57.56:171][  0]LogConfig: Setting CVar [[r.RHICmdBypass:0]]
[2019.01.14-05.57.56:171][  0]LogConfig: Applying CVar settings from Section [/Script/Engine.RendererSettings] File [C:/Users/David Schriemer/Desktop/StealthGame 4.21/Saved/Config/Windows/Engine.ini]
[2019.01.14-05.57.56:171][  0]LogConfig: Setting CVar [[r.GPUCrashDebugging:0]]
[2019.01.14-05.57.56:171][  0]LogConfig: Applying CVar settings from Section [/Script/Engine.RendererOverrideSettings] File [C:/Users/David Schriemer/Desktop/StealthGame 4.21/Saved/Config/Windows/Engine.ini]
[2019.01.14-05.57.56:171][  0]LogConfig: Applying CVar settings from Section [/Script/Engine.StreamingSettings] File [C:/Users/David Schriemer/Desktop/StealthGame 4.21/Saved/Config/Windows/Engine.ini]
[2019.01.14-05.57.56:171][  0]LogConfig: Setting CVar [[s.MinBulkDataSizeForAsyncLoading:131072]]
[2019.01.14-05.57.56:172][  0]LogConfig: Setting CVar [[s.AsyncLoadingThreadEnabled:0]]
[2019.01.14-05.57.56:172][  0]LogConfig: Setting CVar [[s.EventDrivenLoaderEnabled:1]]
[2019.01.14-05.57.56:172][  0]LogConfig: Setting CVar [[s.WarnIfTimeLimitExceeded:0]]
[2019.01.14-05.57.56:172][  0]LogConfig: Setting CVar [[s.TimeLimitExceededMultiplier:1.5]]
[2019.01.14-05.57.56:172][  0]LogConfig: Setting CVar [[s.TimeLimitExceededMinTime:0.005]]
[2019.01.14-05.57.56:172][  0]LogConfig: Setting CVar [[s.UseBackgroundLevelStreaming:1]]
[2019.01.14-05.57.56:172][  0]LogConfig: Setting CVar [[s.PriorityAsyncLoadingExtraTime:15.0]]
[2019.01.14-05.57.56:172][  0]LogConfig: Setting CVar [[s.LevelStreamingActorsUpdateTimeLimit:5.0]]
[2019.01.14-05.57.56:172][  0]LogConfig: Setting CVar [[s.PriorityLevelStreamingActorsUpdateExtraTime:5.0]]
[2019.01.14-05.57.56:172][  0]LogConfig: Setting CVar [[s.LevelStreamingComponentsRegistrationGranularity:10]]
[2019.01.14-05.57.56:172][  0]LogConfig: Setting CVar [[s.UnregisterComponentsTimeLimit:1.0]]
[2019.01.14-05.57.56:172][  0]LogConfig: Setting CVar [[s.LevelStreamingComponentsUnregistrationGranularity:5]]
[2019.01.14-05.57.56:172][  0]LogConfig: Applying CVar settings from Section [/Script/Engine.GarbageCollectionSettings] File [C:/Users/David Schriemer/Desktop/StealthGame 4.21/Saved/Config/Windows/Engine.ini]
[2019.01.14-05.57.56:172][  0]LogConfig: Setting CVar [[gc.MaxObjectsNotConsideredByGC:1]]
[2019.01.14-05.57.56:174][  0]LogConfig: Setting CVar [[gc.SizeOfPermanentObjectPool:0]]
[2019.01.14-05.57.56:174][  0]LogConfig: Setting CVar [[gc.FlushStreamingOnGC:0]]
[2019.01.14-05.57.56:174][  0]LogConfig: Setting CVar [[gc.NumRetriesBeforeForcingGC:10]]
[2019.01.14-05.57.56:174][  0]LogConfig: Setting CVar [[gc.AllowParallelGC:1]]
[2019.01.14-05.57.56:174][  0]LogConfig: Setting CVar [[gc.TimeBetweenPurgingPendingKillObjects:61.1]]
[2019.01.14-05.57.56:174][  0]LogConfig: Setting CVar [[gc.MaxObjectsInEditor:8388607]]
[2019.01.14-05.57.56:174][  0]LogConfig: Setting CVar [[gc.IncrementalBeginDestroyEnabled:1]]
[2019.01.14-05.57.56:174][  0]LogConfig: Setting CVar [[gc.CreateGCClusters:1]]
[2019.01.14-05.57.56:174][  0]LogConfig: Setting CVar [[gc.MergeGCClusters:0]]
[2019.01.14-05.57.56:174][  0]LogConfig: Setting CVar [[gc.MinGCClusterSize:5]]
[2019.01.14-05.57.56:174][  0]LogConfig: Setting CVar [[gc.ActorClusteringEnabled:0]]
[2019.01.14-05.57.56:174][  0]LogConfig: Setting CVar [[gc.BlueprintClusteringEnabled:0]]
[2019.01.14-05.57.56:174][  0]LogConfig: Setting CVar [[gc.UseDisregardForGCOnDedicatedServers:0]]
[2019.01.14-05.57.56:174][  0]LogConfig: Applying CVar settings from Section [/Script/Engine.NetworkSettings] File [C:/Users/David Schriemer/Desktop/StealthGame 4.21/Saved/Config/Windows/Engine.ini]
[2019.01.14-05.57.56:174][  0]LogConfig: Applying CVar settings from Section [/Script/UnrealEd.CookerSettings] File [C:/Users/David Schriemer/Desktop/StealthGame 4.21/Saved/Config/Windows/Engine.ini]
[2019.01.14-05.57.56:189][  0]LogConfig: Applying CVar settings from Section [ViewDistanceQuality@3] File [C:/Users/David Schriemer/Desktop/StealthGame 4.21/Saved/Config/Windows/Scalability.ini]
[2019.01.14-05.57.56:189][  0]LogConfig: Setting CVar [[r.SkeletalMeshLODBias:0]]
[2019.01.14-05.57.56:189][  0]LogConfig: Setting CVar [[r.ViewDistanceScale:1.0]]
[2019.01.14-05.57.56:189][  0]LogConfig: Applying CVar settings from Section [AntiAliasingQuality@3] File [C:/Users/David Schriemer/Desktop/StealthGame 4.21/Saved/Config/Windows/Scalability.ini]
[2019.01.14-05.57.56:190][  0]LogConfig: Setting CVar [[r.PostProcessAAQuality:4]]
[2019.01.14-05.57.56:190][  0]LogConfig: Applying CVar settings from Section [ShadowQuality@3] File [C:/Users/David Schriemer/Desktop/StealthGame 4.21/Saved/Config/Windows/Scalability.ini]
[2019.01.14-05.57.56:190][  0]LogConfig: Setting CVar [[r.LightFunctionQuality:1]]
[2019.01.14-05.57.56:190][  0]LogConfig: Setting CVar [[r.ShadowQuality:5]]
[2019.01.14-05.57.56:190][  0]LogConfig: Setting CVar [[r.Shadow.CSM.MaxCascades:10]]
[2019.01.14-05.57.56:190][  0]LogConfig: Setting CVar [[r.Shadow.MaxResolution:2048]]
[2019.01.14-05.57.56:190][  0]LogConfig: Setting CVar [[r.Shadow.MaxCSMResolution:2048]]
[2019.01.14-05.57.56:190][  0]LogConfig: Setting CVar [[r.Shadow.RadiusThreshold:0.01]]
[2019.01.14-05.57.56:190][  0]LogConfig: Setting CVar [[r.Shadow.DistanceScale:1.0]]
[2019.01.14-05.57.56:190][  0]LogConfig: Setting CVar [[r.Shadow.CSM.TransitionScale:1.0]]
[2019.01.14-05.57.56:190][  0]LogConfig: Setting CVar [[r.Shadow.PreShadowResolutionFactor:1.0]]
[2019.01.14-05.57.56:191][  0]LogConfig: Setting CVar [[r.DistanceFieldShadowing:1]]
[2019.01.14-05.57.56:191][  0]LogConfig: Setting CVar [[r.DistanceFieldAO:1]]
[2019.01.14-05.57.56:191][  0]LogConfig: Setting CVar [[r.AOQuality:2]]
[2019.01.14-05.57.56:191][  0]LogConfig: Setting CVar [[r.VolumetricFog:1]]
[2019.01.14-05.57.56:191][  0]LogConfig: Setting CVar [[r.VolumetricFog.GridPixelSize:8]]
[2019.01.14-05.57.56:191][  0]LogConfig: Setting CVar [[r.VolumetricFog.GridSizeZ:128]]
[2019.01.14-05.57.56:191][  0]LogConfig: Setting CVar [[r.VolumetricFog.HistoryMissSupersampleCount:4]]
[2019.01.14-05.57.56:191][  0]LogConfig: Setting CVar [[r.LightMaxDrawDistanceScale:1]]
[2019.01.14-05.57.56:191][  0]LogConfig: Setting CVar [[r.CapsuleShadows:1]]
[2019.01.14-05.57.56:191][  0]LogConfig: Applying CVar settings from Section [PostProcessQuality@3] File [C:/Users/David Schriemer/Desktop/StealthGame 4.21/Saved/Config/Windows/Scalability.ini]
[2019.01.14-05.57.56:191][  0]LogConfig: Setting CVar [[r.MotionBlurQuality:4]]
[2019.01.14-05.57.56:191][  0]LogConfig: Setting CVar [[r.AmbientOcclusionMipLevelFactor:0.4]]
[2019.01.14-05.57.56:191][  0]LogConfig: Setting CVar [[r.AmbientOcclusionMaxQuality:100]]
[2019.01.14-05.57.56:191][  0]LogConfig: Setting CVar [[r.AmbientOcclusionLevels:-1]]
[2019.01.14-05.57.56:191][  0]LogConfig: Setting CVar [[r.AmbientOcclusionRadiusScale:1.0]]
[2019.01.14-05.57.56:191][  0]LogConfig: Setting CVar [[r.DepthOfFieldQuality:2]]
[2019.01.14-05.57.56:192][  0]LogConfig: Setting CVar [[r.RenderTargetPoolMin:400]]
[2019.01.14-05.57.56:192][  0]LogConfig: Setting CVar [[r.LensFlareQuality:2]]
[2019.01.14-05.57.56:192][  0]LogConfig: Setting CVar [[r.SceneColorFringeQuality:1]]
[2019.01.14-05.57.56:192][  0]LogConfig: Setting CVar [[r.EyeAdaptationQuality:2]]
[2019.01.14-05.57.56:192][  0]LogConfig: Setting CVar [[r.BloomQuality:5]]
[2019.01.14-05.57.56:192][  0]LogConfig: Setting CVar [[r.FastBlurThreshold:100]]
[2019.01.14-05.57.56:192][  0]LogConfig: Setting CVar [[r.Upscale.Quality:3]]
[2019.01.14-05.57.56:192][  0]LogConfig: Setting CVar [[r.Tonemapper.GrainQuantization:1]]
[2019.01.14-05.57.56:192][  0]LogConfig: Setting CVar [[r.LightShaftQuality:1]]
[2019.01.14-05.57.56:192][  0]LogConfig: Setting CVar [[r.Filter.SizeScale:1]]
[2019.01.14-05.57.56:192][  0]LogConfig: Setting CVar [[r.Tonemapper.Quality:5]]
[2019.01.14-05.57.56:192][  0]LogConfig: Setting CVar [[r.DOF.Gather.AccumulatorQuality:1        ; higher gathering accumulator quality]]
[2019.01.14-05.57.56:192][  0]LogConfig: Setting CVar [[r.DOF.Gather.PostfilterMethod:1          ; Median3x3 postfilering method]]
[2019.01.14-05.57.56:192][  0]LogConfig: Setting CVar [[r.DOF.Gather.EnableBokehSettings:0       ; no bokeh simulation when gathering]]
[2019.01.14-05.57.56:192][  0]LogConfig: Setting CVar [[r.DOF.Gather.RingCount:4                 ; medium number of samples when gathering]]
[2019.01.14-05.57.56:192][  0]LogConfig: Setting CVar [[r.DOF.Scatter.ForegroundCompositing:1    ; additive foreground scattering]]
[2019.01.14-05.57.56:193][  0]LogConfig: Setting CVar [[r.DOF.Scatter.BackgroundCompositing:2    ; additive background scattering]]
[2019.01.14-05.57.56:193][  0]LogConfig: Setting CVar [[r.DOF.Scatter.EnableBokehSettings:1      ; bokeh simulation when scattering]]
[2019.01.14-05.57.56:193][  0]LogConfig: Setting CVar [[r.DOF.Scatter.MaxSpriteRatio:0.1         ; only a maximum of 10% of scattered bokeh]]
[2019.01.14-05.57.56:193][  0]LogConfig: Setting CVar [[r.DOF.Recombine.Quality:1                ; cheap slight out of focus]]
[2019.01.14-05.57.56:193][  0]LogConfig: Setting CVar [[r.DOF.Recombine.EnableBokehSettings:0    ; no bokeh simulation on slight out of focus]]
[2019.01.14-05.57.56:193][  0]LogConfig: Setting CVar [[r.DOF.TemporalAAQuality:1                ; more stable temporal accumulation]]
[2019.01.14-05.57.56:193][  0]LogConfig: Setting CVar [[r.DOF.Kernel.MaxForegroundRadius:0.025]]
[2019.01.14-05.57.56:193][  0]LogConfig: Setting CVar [[r.DOF.Kernel.MaxBackgroundRadius:0.025]]
[2019.01.14-05.57.56:193][  0]LogConfig: Applying CVar settings from Section [TextureQuality@3] File [C:/Users/David Schriemer/Desktop/StealthGame 4.21/Saved/Config/Windows/Scalability.ini]
[2019.01.14-05.57.56:193][  0]LogConfig: Setting CVar [[r.Streaming.MipBias:0]]
[2019.01.14-05.57.56:193][  0]LogConfig: Setting CVar [[r.Streaming.AmortizeCPUToGPUCopy:0]]
[2019.01.14-05.57.56:193][  0]LogConfig: Setting CVar [[r.Streaming.MaxNumTexturesToStreamPerFrame:0]]
[2019.01.14-05.57.56:193][  0]LogConfig: Setting CVar [[r.Streaming.Boost:1]]
[2019.01.14-05.57.56:193][  0]LogConfig: Setting CVar [[r.MaxAnisotropy:8]]
[2019.01.14-05.57.56:193][  0]LogConfig: Setting CVar [[r.Streaming.LimitPoolSizeToVRAM:0]]
[2019.01.14-05.57.56:193][  0]LogConfig: Setting CVar [[r.Streaming.PoolSize:1000]]
[2019.01.14-05.57.56:194][  0]LogConfig: Setting CVar [[r.Streaming.MaxEffectiveScreenSize:0]]
[2019.01.14-05.57.56:194][  0]LogConfig: Applying CVar settings from Section [EffectsQuality@3] File [C:/Users/David Schriemer/Desktop/StealthGame 4.21/Saved/Config/Windows/Scalability.ini]
[2019.01.14-05.57.56:194][  0]LogConfig: Setting CVar [[r.TranslucencyLightingVolumeDim:64]]
[2019.01.14-05.57.56:194][  0]LogConfig: Setting CVar [[r.RefractionQuality:2]]
[2019.01.14-05.57.56:194][  0]LogConfig: Setting CVar [[r.SSR.Quality:3]]
[2019.01.14-05.57.56:194][  0]LogConfig: Setting CVar [[r.SceneColorFormat:4]]
[2019.01.14-05.57.56:194][  0]LogConfig: Setting CVar [[r.DetailMode:2]]
[2019.01.14-05.57.56:194][  0]LogConfig: Setting CVar [[r.TranslucencyVolumeBlur:1]]
[2019.01.14-05.57.56:194][  0]LogConfig: Setting CVar [[r.MaterialQualityLevel:1 ; High quality]]
[2019.01.14-05.57.56:194][  0]LogConfig: Setting CVar [[r.SSS.Scale:1]]
[2019.01.14-05.57.56:194][  0]LogConfig: Setting CVar [[r.SSS.SampleSet:2]]
[2019.01.14-05.57.56:194][  0]LogConfig: Setting CVar [[r.SSS.Quality:1]]
[2019.01.14-05.57.56:194][  0]LogConfig: Setting CVar [[r.SSS.HalfRes:1]]
[2019.01.14-05.57.56:194][  0]LogConfig: Setting CVar [[r.EmitterSpawnRateScale:1.0]]
[2019.01.14-05.57.56:194][  0]LogConfig: Setting CVar [[r.ParticleLightQuality:2]]
[2019.01.14-05.57.56:194][  0]LogConfig: Applying CVar settings from Section [FoliageQuality@3] File [C:/Users/David Schriemer/Desktop/StealthGame 4.21/Saved/Config/Windows/Scalability.ini]
[2019.01.14-05.57.56:194][  0]LogConfig: Setting CVar [[foliage.DensityScale:1.0]]
[2019.01.14-05.57.56:194][  0]LogConfig: Setting CVar [[grass.DensityScale:1.0]]
[2019.01.14-05.57.56:195][  0]LogInit: Selected Device Profile: [Windows]
[2019.01.14-05.57.56:195][  0]LogInit: Applying CVar settings loaded from the selected device profile: [Windows]
[2019.01.14-05.57.56:207][  0]LogHAL: Display: Platform has ~ 16 GB [17083645952 / 17179869184 / 16], which maps to Larger [LargestMinGB=32, LargerMinGB=12, DefaultMinGB=8, SmallerMinGB=6, SmallestMinGB=0)
[2019.01.14-05.57.56:207][  0]LogConfig: Setting CVar [[r.Vulkan.UseRealUBs:1]]
[2019.01.14-05.57.56:207][  0]LogInit: Going up to parent DeviceProfile []
[2019.01.14-05.57.56:208][  0]LogConfig: Applying CVar settings from Section [ViewDistanceQuality@3] File [C:/Users/David Schriemer/Desktop/StealthGame 4.21/Saved/Config/Windows/Scalability.ini]
[2019.01.14-05.57.56:208][  0]LogConfig: Setting CVar [[r.SkeletalMeshLODBias:0]]
[2019.01.14-05.57.56:208][  0]LogConfig: Setting CVar [[r.ViewDistanceScale:1.0]]
[2019.01.14-05.57.56:208][  0]LogConfig: Applying CVar settings from Section [AntiAliasingQuality@3] File [C:/Users/David Schriemer/Desktop/StealthGame 4.21/Saved/Config/Windows/Scalability.ini]
[2019.01.14-05.57.56:208][  0]LogConfig: Setting CVar [[r.PostProcessAAQuality:4]]
[2019.01.14-05.57.56:208][  0]LogConfig: Applying CVar settings from Section [ShadowQuality@3] File [C:/Users/David Schriemer/Desktop/StealthGame 4.21/Saved/Config/Windows/Scalability.ini]
[2019.01.14-05.57.56:208][  0]LogConfig: Setting CVar [[r.LightFunctionQuality:1]]
[2019.01.14-05.57.56:208][  0]LogConfig: Setting CVar [[r.ShadowQuality:5]]
[2019.01.14-05.57.56:208][  0]LogConfig: Setting CVar [[r.Shadow.CSM.MaxCascades:10]]
[2019.01.14-05.57.56:208][  0]LogConfig: Setting CVar [[r.Shadow.MaxResolution:2048]]
[2019.01.14-05.57.56:208][  0]LogConfig: Setting CVar [[r.Shadow.MaxCSMResolution:2048]]
[2019.01.14-05.57.56:208][  0]LogConfig: Setting CVar [[r.Shadow.RadiusThreshold:0.01]]
[2019.01.14-05.57.56:208][  0]LogConfig: Setting CVar [[r.Shadow.DistanceScale:1.0]]
[2019.01.14-05.57.56:208][  0]LogConfig: Setting CVar [[r.Shadow.CSM.TransitionScale:1.0]]
[2019.01.14-05.57.56:208][  0]LogConfig: Setting CVar [[r.Shadow.PreShadowResolutionFactor:1.0]]
[2019.01.14-05.57.56:208][  0]LogConfig: Setting CVar [[r.DistanceFieldShadowing:1]]
[2019.01.14-05.57.56:208][  0]LogConfig: Setting CVar [[r.DistanceFieldAO:1]]
[2019.01.14-05.57.56:208][  0]LogConfig: Setting CVar [[r.AOQuality:2]]
[2019.01.14-05.57.56:209][  0]LogConfig: Setting CVar [[r.VolumetricFog:1]]
[2019.01.14-05.57.56:209][  0]LogConfig: Setting CVar [[r.VolumetricFog.GridPixelSize:8]]
[2019.01.14-05.57.56:209][  0]LogConfig: Setting CVar [[r.VolumetricFog.GridSizeZ:128]]
[2019.01.14-05.57.56:209][  0]LogConfig: Setting CVar [[r.VolumetricFog.HistoryMissSupersampleCount:4]]
[2019.01.14-05.57.56:209][  0]LogConfig: Setting CVar [[r.LightMaxDrawDistanceScale:1]]
[2019.01.14-05.57.56:209][  0]LogConfig: Setting CVar [[r.CapsuleShadows:1]]
[2019.01.14-05.57.56:209][  0]LogConfig: Applying CVar settings from Section [PostProcessQuality@3] File [C:/Users/David Schriemer/Desktop/StealthGame 4.21/Saved/Config/Windows/Scalability.ini]
[2019.01.14-05.57.56:209][  0]LogConfig: Setting CVar [[r.MotionBlurQuality:4]]
[2019.01.14-05.57.56:209][  0]LogConfig: Setting CVar [[r.AmbientOcclusionMipLevelFactor:0.4]]
[2019.01.14-05.57.56:209][  0]LogConfig: Setting CVar [[r.AmbientOcclusionMaxQuality:100]]
[2019.01.14-05.57.56:209][  0]LogConfig: Setting CVar [[r.AmbientOcclusionLevels:-1]]
[2019.01.14-05.57.56:209][  0]LogConfig: Setting CVar [[r.AmbientOcclusionRadiusScale:1.0]]
[2019.01.14-05.57.56:209][  0]LogConfig: Setting CVar [[r.DepthOfFieldQuality:2]]
[2019.01.14-05.57.56:209][  0]LogConfig: Setting CVar [[r.RenderTargetPoolMin:400]]
[2019.01.14-05.57.56:209][  0]LogConfig: Setting CVar [[r.LensFlareQuality:2]]
[2019.01.14-05.57.56:209][  0]LogConfig: Setting CVar [[r.SceneColorFringeQuality:1]]
[2019.01.14-05.57.56:209][  0]LogConfig: Setting CVar [[r.EyeAdaptationQuality:2]]
[2019.01.14-05.57.56:209][  0]LogConfig: Setting CVar [[r.BloomQuality:5]]
[2019.01.14-05.57.56:209][  0]LogConfig: Setting CVar [[r.FastBlurThreshold:100]]
[2019.01.14-05.57.56:209][  0]LogConfig: Setting CVar [[r.Upscale.Quality:3]]
[2019.01.14-05.57.56:209][  0]LogConfig: Setting CVar [[r.Tonemapper.GrainQuantization:1]]
[2019.01.14-05.57.56:209][  0]LogConfig: Setting CVar [[r.LightShaftQuality:1]]
[2019.01.14-05.57.56:210][  0]LogConfig: Setting CVar [[r.Filter.SizeScale:1]]
[2019.01.14-05.57.56:210][  0]LogConfig: Setting CVar [[r.Tonemapper.Quality:5]]
[2019.01.14-05.57.56:210][  0]LogConfig: Setting CVar [[r.DOF.Gather.AccumulatorQuality:1        ; higher gathering accumulator quality]]
[2019.01.14-05.57.56:210][  0]LogConfig: Setting CVar [[r.DOF.Gather.PostfilterMethod:1          ; Median3x3 postfilering method]]
[2019.01.14-05.57.56:210][  0]LogConfig: Setting CVar [[r.DOF.Gather.EnableBokehSettings:0       ; no bokeh simulation when gathering]]
[2019.01.14-05.57.56:210][  0]LogConfig: Setting CVar [[r.DOF.Gather.RingCount:4                 ; medium number of samples when gathering]]
[2019.01.14-05.57.56:210][  0]LogConfig: Setting CVar [[r.DOF.Scatter.ForegroundCompositing:1    ; additive foreground scattering]]
[2019.01.14-05.57.56:210][  0]LogConfig: Setting CVar [[r.DOF.Scatter.BackgroundCompositing:2    ; additive background scattering]]
[2019.01.14-05.57.56:210][  0]LogConfig: Setting CVar [[r.DOF.Scatter.EnableBokehSettings:1      ; bokeh simulation when scattering]]
[2019.01.14-05.57.56:210][  0]LogConfig: Setting CVar [[r.DOF.Scatter.MaxSpriteRatio:0.1         ; only a maximum of 10% of scattered bokeh]]
[2019.01.14-05.57.56:210][  0]LogConfig: Setting CVar [[r.DOF.Recombine.Quality:1                ; cheap slight out of focus]]
[2019.01.14-05.57.56:210][  0]LogConfig: Setting CVar [[r.DOF.Recombine.EnableBokehSettings:0    ; no bokeh simulation on slight out of focus]]
[2019.01.14-05.57.56:210][  0]LogConfig: Setting CVar [[r.DOF.TemporalAAQuality:1                ; more stable temporal accumulation]]
[2019.01.14-05.57.56:210][  0]LogConfig: Setting CVar [[r.DOF.Kernel.MaxForegroundRadius:0.025]]
[2019.01.14-05.57.56:210][  0]LogConfig: Setting CVar [[r.DOF.Kernel.MaxBackgroundRadius:0.025]]
[2019.01.14-05.57.56:210][  0]LogConfig: Applying CVar settings from Section [TextureQuality@3] File [C:/Users/David Schriemer/Desktop/StealthGame 4.21/Saved/Config/Windows/Scalability.ini]
[2019.01.14-05.57.56:210][  0]LogConfig: Setting CVar [[r.Streaming.MipBias:0]]
[2019.01.14-05.57.56:210][  0]LogConfig: Setting CVar [[r.Streaming.AmortizeCPUToGPUCopy:0]]
[2019.01.14-05.57.56:210][  0]LogConfig: Setting CVar [[r.Streaming.MaxNumTexturesToStreamPerFrame:0]]
[2019.01.14-05.57.56:210][  0]LogConfig: Setting CVar [[r.Streaming.Boost:1]]
[2019.01.14-05.57.56:210][  0]LogConfig: Setting CVar [[r.MaxAnisotropy:8]]
[2019.01.14-05.57.56:211][  0]LogConfig: Setting CVar [[r.Streaming.LimitPoolSizeToVRAM:0]]
[2019.01.14-05.57.56:211][  0]LogConfig: Setting CVar [[r.Streaming.PoolSize:1000]]
[2019.01.14-05.57.56:211][  0]LogConfig: Setting CVar [[r.Streaming.MaxEffectiveScreenSize:0]]
[2019.01.14-05.57.56:211][  0]LogConfig: Applying CVar settings from Section [EffectsQuality@3] File [C:/Users/David Schriemer/Desktop/StealthGame 4.21/Saved/Config/Windows/Scalability.ini]
[2019.01.14-05.57.56:211][  0]LogConfig: Setting CVar [[r.TranslucencyLightingVolumeDim:64]]
[2019.01.14-05.57.56:211][  0]LogConfig: Setting CVar [[r.RefractionQuality:2]]
[2019.01.14-05.57.56:211][  0]LogConfig: Setting CVar [[r.SSR.Quality:3]]
[2019.01.14-05.57.56:211][  0]LogConfig: Setting CVar [[r.SceneColorFormat:4]]
[2019.01.14-05.57.56:211][  0]LogConfig: Setting CVar [[r.DetailMode:2]]
[2019.01.14-05.57.56:211][  0]LogConfig: Setting CVar [[r.TranslucencyVolumeBlur:1]]
[2019.01.14-05.57.56:211][  0]LogConfig: Setting CVar [[r.MaterialQualityLevel:1 ; High quality]]
[2019.01.14-05.57.56:211][  0]LogConfig: Setting CVar [[r.SSS.Scale:1]]
[2019.01.14-05.57.56:211][  0]LogConfig: Setting CVar [[r.SSS.SampleSet:2]]
[2019.01.14-05.57.56:211][  0]LogConfig: Setting CVar [[r.SSS.Quality:1]]
[2019.01.14-05.57.56:211][  0]LogConfig: Setting CVar [[r.SSS.HalfRes:1]]
[2019.01.14-05.57.56:211][  0]LogConfig: Setting CVar [[r.EmitterSpawnRateScale:1.0]]
[2019.01.14-05.57.56:211][  0]LogConfig: Setting CVar [[r.ParticleLightQuality:2]]
[2019.01.14-05.57.56:211][  0]LogConfig: Applying CVar settings from Section [FoliageQuality@3] File [C:/Users/David Schriemer/Desktop/StealthGame 4.21/Saved/Config/Windows/Scalability.ini]
[2019.01.14-05.57.56:211][  0]LogConfig: Setting CVar [[foliage.DensityScale:1.0]]
[2019.01.14-05.57.56:212][  0]LogConfig: Setting CVar [[grass.DensityScale:1.0]]
[2019.01.14-05.57.56:212][  0]LogConfig: Applying CVar settings from Section [Startup] File [../../../Engine/Config/ConsoleVariables.ini]
[2019.01.14-05.57.56:212][  0]LogConfig: Setting CVar [[net.UseAdaptiveNetUpdateFrequency:0]]
[2019.01.14-05.57.56:212][  0]LogConfig: Applying CVar settings from Section [ConsoleVariables] File [C:/Users/David Schriemer/Desktop/StealthGame 4.21/Saved/Config/Windows/Engine.ini]
[2019.01.14-05.57.56:212][  0]LogInit: Computer: SCHRIEMER-PC
[2019.01.14-05.57.56:212][  0]LogInit: User: DavidSchriemer
[2019.01.14-05.57.56:212][  0]LogInit: CPU Page size=4096, Cores=4
[2019.01.14-05.57.56:212][  0]LogInit: High frequency timer resolution =2.435775 MHz
[2019.01.14-05.57.56:213][  0]LogMemory: Memory total: Physical=15.9GB (16GB approx)
[2019.01.14-05.57.56:213][  0]LogMemory: Platform Memory Stats for Windows
[2019.01.14-05.57.56:213][  0]LogMemory: Process Physical Memory: 99.54 MB used, 99.54 MB peak
[2019.01.14-05.57.56:213][  0]LogMemory: Process Virtual Memory: 90.84 MB used, 90.84 MB peak
[2019.01.14-05.57.56:213][  0]LogMemory: Physical Memory: 5974.76 MB used,  10317.48 MB free, 16292.23 MB total
[2019.01.14-05.57.56:213][  0]LogMemory: Virtual Memory: 502.87 MB used,  134217224.00 MB free, 134217728.00 MB total
[2019.01.14-05.57.56:366][  0]LogInit: Using OS detected language (en-US).
[2019.01.14-05.57.56:366][  0]LogInit: Using OS detected locale (en-US).
[2019.01.14-05.57.56:367][  0]LogTextLocalizationManager: No specific localization for 'en-US' exists, so the 'en' localization will be used.
[2019.01.14-05.57.56:786][  0]LogStreaming: Display: Took  0.420s to InitEngineTextLocalization.
[2019.01.14-05.57.56:786][  0]LogInit: Setting process to per monitor DPI aware
[2019.01.14-05.57.56:847][  0]LogSlate: New Slate User Created.  User Index 0, Is Virtual User: 0
[2019.01.14-05.57.56:847][  0]LogSlate: Slate User Registered.  User Index 0, Is Virtual User: 0
[2019.01.14-05.57.57:056][  0]LogHMD: Failed to initialize OpenVR with code 110
[2019.01.14-05.57.57:056][  0]LogD3D11RHI: D3D11 adapters:
[2019.01.14-05.57.57:104][  0]LogD3D11RHI:    0. 'NVIDIA GeForce GT 750M   ' (Feature Level 11_0)
[2019.01.14-05.57.57:104][  0]LogD3D11RHI:       1987/0/2048 MB DedicatedVideo/DedicatedSystem/SharedSystem, Outputs:2, VendorId:0x10de
[2019.01.14-05.57.57:116][  0]LogD3D11RHI:    1. 'Microsoft Basic Render Driver' (Feature Level 11_0)
[2019.01.14-05.57.57:116][  0]LogD3D11RHI:       0/0/256 MB DedicatedVideo/DedicatedSystem/SharedSystem, Outputs:0, VendorId:0x1414
[2019.01.14-05.57.57:116][  0]LogD3D11RHI: Chosen D3D11 Adapter: 0
[2019.01.14-05.57.57:123][  0]LogD3D11RHI: Creating new Direct3DDevice
[2019.01.14-05.57.57:123][  0]LogD3D11RHI:     GPU DeviceId: 0xfe9 (for the marketing name, search the web for "GPU Device Id")
[2019.01.14-05.57.57:123][  0]LogWindows: EnumDisplayDevices:
[2019.01.14-05.57.57:123][  0]LogWindows:    0. 'NVIDIA GeForce GT 750M   ' (P:1 D:1)
[2019.01.14-05.57.57:124][  0]LogWindows:    1. 'NVIDIA GeForce GT 750M   ' (P:0 D:1)
[2019.01.14-05.57.57:124][  0]LogWindows:    2. 'NVIDIA GeForce GT 750M   ' (P:0 D:0)
[2019.01.14-05.57.57:124][  0]LogWindows:    3. 'NVIDIA GeForce GT 750M   ' (P:0 D:0)
[2019.01.14-05.57.57:124][  0]LogWindows: DebugString: FoundDriverCount:4 
[2019.01.14-05.57.57:124][  0]LogD3D11RHI:     Adapter Name: NVIDIA GeForce GT 750M   
[2019.01.14-05.57.57:124][  0]LogD3D11RHI:   Driver Version: 350.12 (internal:9.18.13.5012, unified:350.12)
[2019.01.14-05.57.57:124][  0]LogD3D11RHI:      Driver Date: 4-8-2015
[2019.01.14-05.57.57:125][  0]LogRHI: Texture pool is 1391 MB (70% of 1987 MB)
[2019.01.14-05.57.57:148][  0]LogD3D11RHI: NvAPI_D3D_GetCurrentSLIState failed: 0xfffffff7
[2019.01.14-05.57.57:148][  0]LogD3D11RHI: Async texture creation enabled
[2019.01.14-05.57.57:171][  0]LogD3D11RHI: GPU Timing Frequency: 1000.000000 (Debug: 2 2)
[2019.01.14-05.57.58:134][  0]LogTemp: Display: Loaded TP AllDesktopTargetPlatform
[2019.01.14-05.57.58:151][  0]LogTemp: Display: Loaded TP MacClientTargetPlatform
[2019.01.14-05.57.58:167][  0]LogTemp: Display: Loaded TP MacNoEditorTargetPlatform
[2019.01.14-05.57.58:186][  0]LogTemp: Display: Loaded TP MacServerTargetPlatform
[2019.01.14-05.57.58:202][  0]LogTemp: Display: Loaded TP MacTargetPlatform
[2019.01.14-05.57.58:228][  0]LogTemp: Display: Loaded TP WindowsClientTargetPlatform
[2019.01.14-05.57.58:246][  0]LogTemp: Display: Loaded TP WindowsNoEditorTargetPlatform
[2019.01.14-05.57.58:264][  0]LogTemp: Display: Loaded TP WindowsServerTargetPlatform
[2019.01.14-05.57.58:273][  0]LogTemp: Display: Loaded TP WindowsTargetPlatform
[2019.01.14-05.57.58:363][  0]LogTemp: Display: Loaded TP AndroidTargetPlatform
[2019.01.14-05.57.58:363][  0]LogTemp: Display: Loaded TP AndroidTargetPlatform
[2019.01.14-05.57.58:363][  0]LogTemp: Display: Loaded TP AndroidTargetPlatform
[2019.01.14-05.57.58:363][  0]LogTemp: Display: Loaded TP AndroidTargetPlatform
[2019.01.14-05.57.58:363][  0]LogTemp: Display: Loaded TP AndroidTargetPlatform
[2019.01.14-05.57.58:363][  0]LogTemp: Display: Loaded TP AndroidTargetPlatform
[2019.01.14-05.57.58:363][  0]LogTemp: Display: Loaded TP AndroidTargetPlatform
[2019.01.14-05.57.58:363][  0]LogTemp: Display: Loaded TP AndroidTargetPlatform
[2019.01.14-05.57.58:363][  0]LogTemp: Display: Loaded TP AndroidTargetPlatform
[2019.01.14-05.57.58:363][  0]LogTemp: Display: Loaded TP AndroidTargetPlatform
[2019.01.14-05.57.58:363][  0]LogTemp: Display: Loaded TP AndroidTargetPlatform
[2019.01.14-05.57.58:363][  0]LogTemp: Display: Loaded TP AndroidTargetPlatform
[2019.01.14-05.57.58:364][  0]LogTemp: Display: Loaded TP AndroidTargetPlatform
[2019.01.14-05.57.58:364][  0]LogTemp: Display: Loaded TP AndroidTargetPlatform
[2019.01.14-05.57.58:364][  0]LogTemp: Display: Loaded TP AndroidTargetPlatform
[2019.01.14-05.57.58:364][  0]LogTemp: Display: Loaded TP AndroidTargetPlatform
[2019.01.14-05.57.58:364][  0]LogTemp: Display: Loaded TP AndroidTargetPlatform
[2019.01.14-05.57.58:364][  0]LogTemp: Display: Loaded TP AndroidTargetPlatform
[2019.01.14-05.57.58:367][  0]LogTemp: Display: Loaded TP HTML5TargetPlatform
[2019.01.14-05.57.58:437][  0]LogTemp: Display: Loaded TP IOSTargetPlatform
[2019.01.14-05.57.58:437][  0]LogTemp: Display: Loaded TP IOSTargetPlatform
[2019.01.14-05.57.58:465][  0]LogTemp: Display: Loaded TP TVOSTargetPlatform
[2019.01.14-05.57.58:466][  0]LogTemp: Display: Loaded TP TVOSTargetPlatform
[2019.01.14-05.57.58:482][  0]LogTemp: Display: Loaded TP LinuxClientTargetPlatform
[2019.01.14-05.57.58:498][  0]LogTemp: Display: Loaded TP LinuxNoEditorTargetPlatform
[2019.01.14-05.57.58:515][  0]LogTemp: Display: Loaded TP LinuxServerTargetPlatform
[2019.01.14-05.57.58:538][  0]LogTemp: Display: Loaded TP LinuxTargetPlatform
[2019.01.14-05.57.58:590][  0]LogTemp: Display: Loaded TP LuminTargetPlatform
[2019.01.14-05.57.58:590][  0]LogTemp: Display: Loaded TP LuminTargetPlatform
[2019.01.14-05.57.58:590][  0]LogTargetPlatformManager: Display: Building Assets For Windows
[2019.01.14-05.57.58:706][  0]LogShaderCompilers: Guid format shader working directory is -9 characters bigger than the processId version (../../../../../../Users/David Schriemer/Desktop/StealthGame 4.21/Intermediate/Shaders/WorkingDirectory/10972/).
[2019.01.14-05.57.58:706][  0]LogShaderCompilers: Cleaned the shader compiler working directory 'C:/Users/David Schriemer/AppData/Local/Temp/UnrealShaderWorkingDir/01D0AF9F4C0C3471C6F935AC91CE85EA/'.
[2019.01.14-05.57.58:709][  0]LogXGEController: Cleaning working directory: C:/Users/David Schriemer/AppData/Local/Temp/UnrealXGEWorkingDir/
[2019.01.14-05.57.58:709][  0]LogXGEController: Cannot use XGE Controller as Incredibuild is not installed on this machine.
[2019.01.14-05.57.58:709][  0]LogShaderCompilers: Cannot use XGE Shader Compiler as Incredibuild is not installed on this machine.
[2019.01.14-05.57.58:709][  0]LogShaderCompilers: Display: Using Local Shader Compiler.
[2019.01.14-05.57.59:297][  0]LogDerivedDataCache: Display: Max Cache Size: 512 MB
[2019.01.14-05.57.59:405][  0]LogDerivedDataCache: Loaded boot cache 0.11s 73MB C:/Users/David Schriemer/AppData/Local/UnrealEngine/4.21/DerivedDataCache/Boot.ddc.
[2019.01.14-05.57.59:405][  0]LogDerivedDataCache: Display: Loaded Boot cache: C:/Users/David Schriemer/AppData/Local/UnrealEngine/4.21/DerivedDataCache/Boot.ddc
[2019.01.14-05.57.59:405][  0]LogDerivedDataCache: FDerivedDataBackendGraph:  Pak pak cache file ../../../../../../Users/David Schriemer/Desktop/StealthGame 4.21/DerivedDataCache/DDC.ddp not found, will not use a pak cache.
[2019.01.14-05.57.59:405][  0]LogDerivedDataCache: Unable to find inner node Pak for hierarchical cache Hierarchy.
[2019.01.14-05.57.59:405][  0]LogDerivedDataCache: FDerivedDataBackendGraph:  CompressedPak pak cache file ../../../../../../Users/David Schriemer/Desktop/StealthGame 4.21/DerivedDataCache/Compressed.ddp not found, will not use a pak cache.
[2019.01.14-05.57.59:405][  0]LogDerivedDataCache: Unable to find inner node CompressedPak for hierarchical cache Hierarchy.
[2019.01.14-05.57.59:425][  0]LogDerivedDataCache: Display: Pak cache opened for reading ../../../Engine/DerivedDataCache/Compressed.ddp.
[2019.01.14-05.57.59:426][  0]LogDerivedDataCache: FDerivedDataBackendGraph:  EnterprisePak pak cache file ../../../Enterprise/DerivedDataCache/Compressed.ddp not found, will not use a pak cache.
[2019.01.14-05.57.59:426][  0]LogDerivedDataCache: Unable to find inner node EnterprisePak for hierarchical cache Hierarchy.
[2019.01.14-05.57.59:441][  0]LogDerivedDataCache: Using Local data cache path C:/Users/David Schriemer/AppData/Local/UnrealEngine/Common/DerivedDataCache: Writable
[2019.01.14-05.57.59:441][  0]LogDerivedDataCache: Shared data cache path not found in *engine.ini, will not use an Shared cache.
[2019.01.14-05.57.59:442][  0]LogDerivedDataCache: Unable to find inner node Shared for hierarchical cache Hierarchy.
[2019.01.14-05.57.59:488][  0]LogMaterial: Verifying Global Shaders for PCD3D_SM5
[2019.01.14-05.57.59:489][  0]LogSlate: Using FreeType 2.6.0
[2019.01.14-05.57.59:490][  0]LogSlate: SlateFontServices - WITH_FREETYPE: 1, WITH_HARFBUZZ: 1
[2019.01.14-05.57.59:598][  0]LogAssetRegistry: FAssetRegistry took 0.0385 seconds to start up
[2019.01.14-05.57.59:947][  0]LogInit: Selected Device Profile: [Windows]
[2019.01.14-05.58.00:137][  0]LogSimplygon: Simplygon DLL not present - disabling.
[2019.01.14-05.58.00:145][  0]LogMeshReduction: Using SimplygonSwarm for distributed automatic mesh merging
[2019.01.14-05.58.00:145][  0]LogMeshReduction: Using ProxyLODMeshReduction for automatic mesh merging
[2019.01.14-05.58.00:146][  0]LogMeshReduction: Using QuadricMeshReduction for automatic static mesh reduction
[2019.01.14-05.58.00:146][  0]LogMeshReduction: No automatic skeletal mesh reduction module available
[2019.01.14-05.58.00:161][  0]LogNetVersion: FPSGame 1.0.0, NetCL: 4541578, EngineNetVer: 5, GameNetVer: 0 (Checksum: 267577011)
[2019.01.14-05.58.00:784][  0]LogPackageLocalizationCache: Processed 11 localized package path(s) for 2 prioritized culture(s) in 0.088419 seconds
[2019.01.14-05.58.00:790][  0]LogUObjectArray: 39775 objects as part of root set at end of initial load.
[2019.01.14-05.58.00:790][  0]LogUObjectAllocator: 6914664 out of 0 bytes used by permanent object pool.
[2019.01.14-05.58.00:790][  0]LogUObjectArray: CloseDisregardForGC: 0/0 objects in disregard for GC pool
[2019.01.14-05.58.01:807][  0]LogTcpMessaging: Initializing TcpMessaging bridge
[2019.01.14-05.58.01:823][  0]LogUdpMessaging: Initializing bridge on interface 0.0.0.0:0 to multicast group 230.0.0.1:6666.
[2019.01.14-05.58.02:724][  0]SourceControl: Source control is disabled
[2019.01.14-05.58.02:725][  0]SourceControl: Source control is disabled
[2019.01.14-05.58.02:733][  0]SourceControl: Source control is disabled
[2019.01.14-05.58.02:736][  0]SourceControl: Source control is disabled
[2019.01.14-05.58.02:996][  0]LogAndroidPermission: UAndroidPermissionCallbackProxy::GetInstance
[2019.01.14-05.58.03:117][  0]LogOcInput: OculusInput pre-init called
[2019.01.14-05.58.03:276][  0]LogEngine: Initializing Engine...
[2019.01.14-05.58.03:278][  0]LogHMD: Failed to initialize OpenVR with code 110
[2019.01.14-05.58.03:282][  0]LogStats: UGameplayTagsManager::ConstructGameplayTagTree: ImportINI prefixes -  0.000 s
[2019.01.14-05.58.03:282][  0]LogStats: UGameplayTagsManager::ConstructGameplayTagTree: Construct from data asset -  0.000 s
[2019.01.14-05.58.03:282][  0]LogStats: UGameplayTagsManager::ConstructGameplayTagTree: ImportINI -  0.000 s
[2019.01.14-05.58.03:282][  0]LogStats: UGameplayTagsManager::ConstructGameplayTagTree: GameplayTagTreeChangedEvent.Broadcast -  0.000 s
[2019.01.14-05.58.03:563][  0]LogInit: Initializing FReadOnlyCVARCache
[2019.01.14-05.58.03:579][  0]LogAIModule: Creating AISystem for world Untitled
[2019.01.14-05.58.03:756][  0]LogInit: XAudio2 using 'Headphones (Cirrus Logic CS4208 (AB 94))' : 2 channels at 48 kHz using 32 bits per sample (channel mask 0x3)
[2019.01.14-05.58.03:769][  0]LogInit: FAudioDevice initialized.
[2019.01.14-05.58.03:769][  0]LogNetVersion: Set ProjectVersion to 1.0.0.0. Version Checksum will be recalculated on next use.
[2019.01.14-05.58.03:851][  0]LogDerivedDataCache: Saved boot cache 0.08s 73MB C:/Users/David Schriemer/AppData/Local/UnrealEngine/4.21/DerivedDataCache/Boot.ddc.
[2019.01.14-05.58.03:855][  0]LogInit: Texture streaming: Enabled
[2019.01.14-05.58.03:884][  0]LogEngineSessionManager: EngineSessionManager initialized
[2019.01.14-05.58.03:884][  0]LogEngineSessionManager: EngineSessionManager sent abnormal shutdown report. Type=Debugger, SessionId={F4210BCD-4197-93CE-36EB-19870E60BE2E}
[2019.01.14-05.58.03:898][  0]LogInit: Transaction tracking system initialized
[2019.01.14-05.58.03:936][  0]BlueprintLog: New page: Editor Load
[2019.01.14-05.58.04:101][  0]LocalizationService: Localization service is disabled
[2019.01.14-05.58.04:607][  0]LogFileCache: Scanning file cache for directory 'C:/Users/David Schriemer/Desktop/StealthGame 4.21/Content/' took 0.01s
[2019.01.14-05.58.04:607][  0]LogCook: Display: Max memory allowance for cook 16384mb min free memory 0mb
[2019.01.14-05.58.04:607][  0]LogCook: Display: Mobile HDR setting 1
[2019.01.14-05.58.04:607][  0]LogGameplayTags: Display: UGameplayTagsManager::DoneAddingNativeTags. DelegateIsBound: 0
[2019.01.14-05.58.04:607][  0]LogStats: UGameplayTagsManager::ConstructGameplayTagTree: ImportINI prefixes -  0.000 s
[2019.01.14-05.58.04:607][  0]LogStats: UGameplayTagsManager::ConstructGameplayTagTree: Construct from data asset -  0.000 s
[2019.01.14-05.58.04:608][  0]LogStats: UGameplayTagsManager::ConstructGameplayTagTree: ImportINI -  0.000 s
[2019.01.14-05.58.04:608][  0]LogStats: UGameplayTagsManager::ConstructGameplayTagTree: GameplayTagTreeChangedEvent.Broadcast -  0.000 s
[2019.01.14-05.58.04:781][  0]SourceControl: Source control is disabled
[2019.01.14-05.58.04:781][  0]Cmd: MAP LOAD FILE="../../../../../../Users/David Schriemer/Desktop/StealthGame 4.21/Content/Maps/FirstPersonExampleMap.umap" TEMPLATE=0 SHOWPROGRESS=1 FEATURELEVEL=3
[2019.01.14-05.58.04:782][  0]LightingResults: New page: Lighting Build
[2019.01.14-05.58.04:785][  0]MapCheck: New page: Map Check
[2019.01.14-05.58.04:785][  0]LightingResults: New page: Lighting Build
[2019.01.14-05.58.05:104][  0]LogAIModule: Creating AISystem for world FirstPersonExampleMap
[2019.01.14-05.58.05:116][  0]LogEditorServer: Finished looking for orphan Actors (0.000 secs)
[2019.01.14-05.58.05:142][  0]Cmd: MAP CHECKDEP NOCLEARLOG
[2019.01.14-05.58.05:142][  0]MapCheck: Map check complete: 0 Error(s), 0 Warning(s), took 0.226ms to complete.
[2019.01.14-05.58.05:142][  0]LogFileHelpers: Loading map 'FirstPersonExampleMap' took 0.362
[2019.01.14-05.58.05:218][  0]LogWindowsTextInputMethodSystem: Display: IME system now deactivated.
[2019.01.14-05.58.05:267][  0]LogSlate: Updating window title bar state: overlay mode, drag disabled, window buttons hidden, title bar hidden
[2019.01.14-05.58.05:274][  0]LogSlate: Updating window title bar state: overlay mode, drag disabled, window buttons hidden, title bar hidden
[2019.01.14-05.58.05:281][  0]LogSlate: Updating window title bar state: overlay mode, drag disabled, window buttons hidden, title bar hidden
[2019.01.14-05.58.05:289][  0]LogSlate: Updating window title bar state: overlay mode, drag disabled, window buttons hidden, title bar hidden
[2019.01.14-05.58.05:298][  0]LogCollectionManager: Loaded 0 collections in 0.002185 seconds
[2019.01.14-05.58.05:331][  0]LogFileCache: Scanning file cache for directory 'C:/Users/David Schriemer/Desktop/StealthGame 4.21/Saved/Collections/' took 0.01s
[2019.01.14-05.58.05:331][  0]LogFileCache: Scanning file cache for directory 'C:/Users/David Schriemer/Desktop/StealthGame 4.21/Content/Developers/DavidSchriemer/Collections/' took 0.01s
[2019.01.14-05.58.05:331][  0]LogFileCache: Scanning file cache for directory 'C:/Users/David Schriemer/Desktop/StealthGame 4.21/Content/Collections/' took 0.00s
[2019.01.14-05.58.05:331][  0]LogCollectionManager: Rebuilt the GUID cache for 0 collections in 0.000000 seconds
[2019.01.14-05.58.05:341][  0]LogContentBrowser: Native class hierarchy populated in 0.0091 seconds. Added 2658 classes and 623 folders.
[2019.01.14-05.58.05:349][  0]LogContentBrowser: Native class hierarchy updated for 'WidgetCarousel' in 0.0003 seconds. Added 0 classes and 0 folders.
[2019.01.14-05.58.05:351][  0]LogPakFile: Registered encryption key '00000000000000000000000000000000': 0 pak files mounted, 0 remain pending
[2019.01.14-05.58.05:352][  0]LogPakFile: Registered encryption key '00000000000000000000000000000000': 0 pak files mounted, 0 remain pending
[2019.01.14-05.58.05:352][  0]LogPakFile: Registered encryption key '00000000000000000000000000000000': 0 pak files mounted, 0 remain pending
[2019.01.14-05.58.05:353][  0]LogPakFile: Registered encryption key '00000000000000000000000000000000': 0 pak files mounted, 0 remain pending
[2019.01.14-05.58.05:353][  0]LogPakFile: Registered encryption key '00000000000000000000000000000000': 0 pak files mounted, 0 remain pending
[2019.01.14-05.58.05:354][  0]LogPakFile: Registered encryption key '00000000000000000000000000000000': 0 pak files mounted, 0 remain pending
[2019.01.14-05.58.05:354][  0]LogPakFile: Registered encryption key '00000000000000000000000000000000': 0 pak files mounted, 0 remain pending
[2019.01.14-05.58.05:355][  0]LogPakFile: Registered encryption key '00000000000000000000000000000000': 0 pak files mounted, 0 remain pending
[2019.01.14-05.58.05:355][  0]LogPakFile: Registered encryption key '00000000000000000000000000000000': 0 pak files mounted, 0 remain pending
[2019.01.14-05.58.05:356][  0]LogPakFile: Registered encryption key '00000000000000000000000000000000': 0 pak files mounted, 0 remain pending
[2019.01.14-05.58.05:357][  0]LogPakFile: Registered encryption key '00000000000000000000000000000000': 0 pak files mounted, 0 remain pending
[2019.01.14-05.58.05:357][  0]LogPakFile: Registered encryption key '00000000000000000000000000000000': 0 pak files mounted, 0 remain pending
[2019.01.14-05.58.05:358][  0]LogPakFile: Registered encryption key '00000000000000000000000000000000': 0 pak files mounted, 0 remain pending
[2019.01.14-05.58.05:358][  0]LogPakFile: Registered encryption key '00000000000000000000000000000000': 0 pak files mounted, 0 remain pending
[2019.01.14-05.58.05:359][  0]LogPakFile: Registered encryption key '00000000000000000000000000000000': 0 pak files mounted, 0 remain pending
[2019.01.14-05.58.05:359][  0]LogPakFile: Registered encryption key '00000000000000000000000000000000': 0 pak files mounted, 0 remain pending
[2019.01.14-05.58.05:360][  0]LogPakFile: Registered encryption key '00000000000000000000000000000000': 0 pak files mounted, 0 remain pending
[2019.01.14-05.58.05:361][  0]LogPakFile: Registered encryption key '00000000000000000000000000000000': 0 pak files mounted, 0 remain pending
[2019.01.14-05.58.05:361][  0]LogPakFile: Registered encryption key '00000000000000000000000000000000': 0 pak files mounted, 0 remain pending
[2019.01.14-05.58.05:362][  0]LogPakFile: Registered encryption key '00000000000000000000000000000000': 0 pak files mounted, 0 remain pending
[2019.01.14-05.58.05:362][  0]LogPakFile: Registered encryption key '00000000000000000000000000000000': 0 pak files mounted, 0 remain pending
[2019.01.14-05.58.05:363][  0]LogPakFile: Registered encryption key '00000000000000000000000000000000': 0 pak files mounted, 0 remain pending
[2019.01.14-05.58.05:364][  0]LogPakFile: Registered encryption key '00000000000000000000000000000000': 0 pak files mounted, 0 remain pending
[2019.01.14-05.58.05:364][  0]LogPakFile: Registered encryption key '00000000000000000000000000000000': 0 pak files mounted, 0 remain pending
[2019.01.14-05.58.05:365][  0]LogPakFile: Registered encryption key '00000000000000000000000000000000': 0 pak files mounted, 0 remain pending
[2019.01.14-05.58.05:365][  0]LogPakFile: Registered encryption key '00000000000000000000000000000000': 0 pak files mounted, 0 remain pending
[2019.01.14-05.58.05:398][  0]LogContentBrowser: Native class hierarchy updated for 'AddContentDialog' in 0.0004 seconds. Added 0 classes and 0 folders.
[2019.01.14-05.58.05:405][  0]LogContentBrowser: Native class hierarchy updated for 'SceneOutliner' in 0.0005 seconds. Added 1 classes and 2 folders.
[2019.01.14-05.58.05:489][  0]LogSlate: Took 0.000157 seconds to synchronously load lazily loaded font '../../../Engine/Content/Slate/Fonts/Roboto-Regular.ttf' (155K)
[2019.01.14-05.58.05:491][  0]LogSlate: Took 0.000151 seconds to synchronously load lazily loaded font '../../../Engine/Content/Slate/Fonts/Roboto-Bold.ttf' (160K)
[2019.01.14-05.58.05:496][  0]LogSlate: Took 0.000247 seconds to synchronously load lazily loaded font '../../../Engine/Content/Editor/Slate/Fonts/FontAwesome.ttf' (139K)
[2019.01.14-05.58.05:586][  0]LogRenderer: Reallocating scene render targets to support 1208x600 Format 10 NumSamples 1 (Frame:1).
[2019.01.14-05.58.05:887][  0]LogContentBrowser: Native class hierarchy updated for 'HierarchicalLODOutliner' in 0.0004 seconds. Added 0 classes and 0 folders.
[2019.01.14-05.58.05:887][  0]LogLoad: (Engine Initialization) Total time: 11.72 seconds
[2019.01.14-05.58.05:887][  0]LogLoad: (Engine Initialization) Total Blueprint compile time: 0.00 seconds
[2019.01.14-05.58.05:943][  0]LogContentStreaming: Texture pool size now 1000 MB
[2019.01.14-05.58.06:031][  1]LogAssetRegistry: Asset discovery search completed in 6.4578 seconds
[2019.01.14-05.58.06:035][  1]LogCollectionManager: Rebuilt the object cache for 0 collections in 0.000000 seconds (found 0 objects)
[2019.01.14-05.58.06:035][  1]LogCollectionManager: Fixed up redirectors for 0 collections in 0.000111 seconds (updated 0 objects)
[2019.01.14-06.02.30:741][641]LogSlate: FSceneViewport::OnFocusLost() reason 0
[2019.01.14-06.02.35:766][894]LogEditor: Attempting to add actor of class 'FPSAIGUARD' to level at 1521.92,-1410.00,520.00
[2019.01.14-06.02.36:829][946]LogEditor: Attempting to add actor of class 'FPSAIGUARD' to level at 490.00,-90.00,298.00
[2019.01.14-06.02.44:459][146]LogSlate: FSceneViewport::OnFocusLost() reason 0
[2019.01.14-06.02.59:533][841]LogTexture: Display: Building textures: Texture2D_2 (G8, 128X128)
[2019.01.14-06.03.03:103][ 20]LogActorComponent: UnregisterComponent: (/Engine/Transient.SphereBrushComponent) Not registered. Aborting.
[2019.01.14-06.03.30:603][663]LogEditorViewport: Clicking on Actor (LMB): FPSAIGUARD (FPSAIGUARD1)
[2019.01.14-06.03.32:362][745]Cmd: DELETE
[2019.01.14-06.03.32:362][745]Cmd: ACTOR DELETE
[2019.01.14-06.03.32:372][745]LogEditorActor: Deleted Actor: FPSAIGUARD
[2019.01.14-06.03.32:410][745]LogEditorActor: Deleted 1 Actors (0.046 secs)
[2019.01.14-06.03.34:366][837]LogSlate: FSceneViewport::OnFocusLost() reason 0
[2019.01.14-06.03.58:068][619]LogSlate: FSceneViewport::OnFocusLost() reason 0
[2019.01.14-06.03.59:021][661]LogTemp: Repeating last play command: Selected Viewport
[2019.01.14-06.03.59:060][661]LogBlueprintUserMessages: Early PlayInEditor Detection: Level '/Game/Maps/FirstPersonExampleMap.FirstPersonExampleMap:PersistentLevel' has LevelScriptBlueprint '/Game/Maps/FirstPersonExampleMap.FirstPersonExampleMap:PersistentLevel.FirstPersonExampleMap' with GeneratedClass '/Game/Maps/FirstPersonExampleMap.FirstPersonExampleMap_C' with ClassGeneratedBy '/Game/Maps/FirstPersonExampleMap.FirstPersonExampleMap:PersistentLevel.FirstPersonExampleMap'
[2019.01.14-06.03.59:061][661]LogPlayLevel: PlayLevel: No blueprints needed recompiling
[2019.01.14-06.03.59:063][661]PIE: New page: PIE session: FirstPersonExampleMap (Jan 13, 2019, 2:03:59 PM)
[2019.01.14-06.03.59:080][661]LogPlayLevel: Creating play world package: /Game/Maps/UEDPIE_0_FirstPersonExampleMap
[2019.01.14-06.03.59:136][661]LogPlayLevel: PIE: StaticDuplicateObject took: (0.055288s)
[2019.01.14-06.03.59:139][661]LogAIModule: Creating AISystem for world FirstPersonExampleMap
[2019.01.14-06.03.59:140][661]LogPlayLevel: PIE: World Init took: (0.003752s)
[2019.01.14-06.03.59:141][661]LogPlayLevel: PIE: Created PIE world by copying editor world from /Game/Maps/FirstPersonExampleMap.FirstPersonExampleMap to /Game/Maps/UEDPIE_0_FirstPersonExampleMap.FirstPersonExampleMap (0.060417s)
[2019.01.14-06.03.59:204][661]LogInit: XAudio2 using 'Headphones (Cirrus Logic CS4208 (AB 94))' : 2 channels at 48 kHz using 32 bits per sample (channel mask 0x3)
[2019.01.14-06.03.59:222][661]LogInit: FAudioDevice initialized.
[2019.01.14-06.03.59:278][661]LogLoad: Game class is 'BP_GameMode_C'
[2019.01.14-06.03.59:285][661]LogWorld: Bringing World /Game/Maps/UEDPIE_0_FirstPersonExampleMap.FirstPersonExampleMap up for play (max tick rate 0) at 2019.01.13-22.03.59
[2019.01.14-06.03.59:290][661]LogWorld: Bringing up level for play took: 0.008699
[2019.01.14-06.03.59:317][661]LogContentBrowser: Native class hierarchy updated for 'MovieSceneCapture' in 0.0008 seconds. Added 20 classes and 0 folders.
[2019.01.14-06.03.59:325][661]PIE: Play in editor start time for /Game/Maps/UEDPIE_0_FirstPersonExampleMap 0.465
[2019.01.14-06.03.59:325][661]LogBlueprintUserMessages: Late PlayInEditor Detection: Level '/Game/Maps/FirstPersonExampleMap.FirstPersonExampleMap:PersistentLevel' has LevelScriptBlueprint '/Game/Maps/FirstPersonExampleMap.FirstPersonExampleMap:PersistentLevel.FirstPersonExampleMap' with GeneratedClass '/Game/Maps/FirstPersonExampleMap.FirstPersonExampleMap_C' with ClassGeneratedBy '/Game/Maps/FirstPersonExampleMap.FirstPersonExampleMap:PersistentLevel.FirstPersonExampleMap'
[2019.01.14-06.04.15:475][288]LogTemp: Overlapped with extraction zone!
[2019.01.14-06.04.16:870][341]LogBlueprintUserMessages: Early EndPlayMap Detection: Level '/Game/Maps/FirstPersonExampleMap.FirstPersonExampleMap:PersistentLevel' has LevelScriptBlueprint '/Game/Maps/FirstPersonExampleMap.FirstPersonExampleMap:PersistentLevel.FirstPersonExampleMap' with GeneratedClass '/Game/Maps/FirstPersonExampleMap.FirstPersonExampleMap_C' with ClassGeneratedBy '/Game/Maps/FirstPersonExampleMap.FirstPersonExampleMap:PersistentLevel.FirstPersonExampleMap'
[2019.01.14-06.04.16:871][341]LogSlate: Updating window title bar state: overlay mode, drag disabled, window buttons hidden, title bar hidden
[2019.01.14-06.04.16:936][341]LogPlayLevel: Display: Shutting down PIE online subsystems
[2019.01.14-06.04.16:937][341]LogBlueprintUserMessages: Late EndPlayMap Detection: Level '/Game/Maps/FirstPersonExampleMap.FirstPersonExampleMap:PersistentLevel' has LevelScriptBlueprint '/Game/Maps/FirstPersonExampleMap.FirstPersonExampleMap:PersistentLevel.FirstPersonExampleMap' with GeneratedClass '/Game/Maps/FirstPersonExampleMap.FirstPersonExampleMap_C' with ClassGeneratedBy '/Game/Maps/FirstPersonExampleMap.FirstPersonExampleMap:PersistentLevel.FirstPersonExampleMap'
[2019.01.14-06.04.16:986][341]LogSlate: Updating window title bar state: overlay mode, drag disabled, window buttons hidden, title bar hidden
[2019.01.14-06.04.17:034][342]LogPlayLevel: Display: Destroying online subsystem :Context_8
[2019.01.14-06.04.45:666][367]LogEditorViewport: Clicking on Actor (LMB): BP_Guard_C (BP_Guard)
[2019.01.14-06.04.47:772][436]LogEditorViewport: Clicking on Actor (LMB): BP_Guard_C (BP_Guard)
[2019.01.14-06.05.03:019][780]LogSlate: FSceneViewport::OnFocusLost() reason 0
[2019.01.14-06.05.03:220][784]LogSlate: Took 0.000220 seconds to synchronously load lazily loaded font '../../../Engine/Content/Slate/Fonts/Roboto-Light.ttf' (167K)
[2019.01.14-06.05.03:240][784]LogAssetEditorManager: Opening Asset editor for Blueprint /Game/Blueprints/BP_Guard.BP_Guard
[2019.01.14-06.05.03:727][784]LogContentBrowser: Native class hierarchy updated for 'BlueprintGraph' in 0.0007 seconds. Added 117 classes and 0 folders.
[2019.01.14-06.05.06:028][835]LogSlate: Window 'BP_Guard' being destroyed
[2019.01.14-06.05.06:128][835]LogAssetEditorManager: Opening Asset editor for Blueprint /Game/Blueprints/BP_Guard.BP_Guard
[2019.01.14-06.05.06:465][835]LogSlate: Took 0.000166 seconds to synchronously load lazily loaded font '../../../Engine/Content/Slate/Fonts/Roboto-BoldCondensed.ttf' (158K)
[2019.01.14-06.05.15:581][869]LogSlate: Took 0.004194 seconds to synchronously load lazily loaded font '../../../Engine/Content/Slate/Fonts/Roboto-Italic.ttf' (157K)
[2019.01.14-06.05.16:433][872]LogRenderer: Reallocating scene render targets to support 1208x744 Format 10 NumSamples 1 (Frame:1).
[2019.01.14-06.06.25:829][115]LogSlate: FSceneViewport::OnFocusLost() reason 0
[2019.01.14-06.07.06:120][955]LogSlate: FSceneViewport::OnFocusLost() reason 0
[2019.01.14-06.07.06:212][957]LogSlate: Window 'BP_Guard*' being destroyed
[2019.01.14-06.07.06:263][957]LogSlate: Window 'BP_Guard*' being destroyed
[2019.01.14-06.07.10:585][ 48]LogSlate: Window 'Save Content' being destroyed
[2019.01.14-06.07.10:671][ 48]Cmd: OBJ SAVEPACKAGE PACKAGE="/Game/Blueprints/BP_Guard" FILE="../../../../../../Users/David Schriemer/Desktop/StealthGame 4.21/Content/Blueprints/BP_Guard.uasset" SILENT=true
[2019.01.14-06.07.10:718][ 48]LogSavePackage: Moving '../../../../../../Users/David Schriemer/Desktop/StealthGame 4.21/Saved/BP_GuardD70C81454CA84604678476B07184FEFA.tmp' to '../../../../../../Users/David Schriemer/Desktop/StealthGame 4.21/Content/Blueprints/BP_Guard.uasset'
[2019.01.14-06.07.11:001][ 48]LogSavePackage: Moving '../../../../../../Users/David Schriemer/Desktop/StealthGame 4.21/Saved/FirstPersonExampleMapBF0297C04B54CF7E4C1E238C1CCA44D0.tmp' to '../../../../../../Users/David Schriemer/Desktop/StealthGame 4.21/Content/Maps/FirstPersonExampleMap.umap'
[2019.01.14-06.07.11:033][ 48]LogFileHelpers: Saving map 'FirstPersonExampleMap' took 0.303
[2019.01.14-06.07.11:113][ 48]LogSlate: Window 'FPSGame - Unreal Editor' being destroyed
[2019.01.14-06.07.11:114][ 48]LogWindowsTextInputMethodSystem: Display: IME system now deactivated.
[2019.01.14-06.07.11:382][ 49]Cmd: QUIT_EDITOR
[2019.01.14-06.07.11:841][ 49]LogExit: Preparing to exit.
[2019.01.14-06.07.12:645][ 49]LogExit: Editor shut down
[2019.01.14-06.07.12:645][ 49]LogExit: Transaction tracking system shut down
[2019.01.14-06.07.12:872][ 49]LogExit: Object subsystem successfully closed.
[2019.01.14-06.07.12:900][ 49]LogShaderCompilers: Display: Shaders left to compile 0
[2019.01.14-06.07.12:905][ 49]LogD3D11RHI: Shutdown
[2019.01.14-06.07.12:905][ 49]LogD3D11RHI: CleanupD3DDevice
[2019.01.14-06.07.12:909][ 49]LogD3D11RHI: ~FD3D11DynamicRHI
[2019.01.14-06.07.12:957][ 49]LogModuleManager: Shutting down and abandoning module BlueprintGraph (630)
[2019.01.14-06.07.12:957][ 49]LogModuleManager: Shutting down and abandoning module MovieSceneCapture (628)
[2019.01.14-06.07.12:957][ 49]LogModuleManager: Shutting down and abandoning module Voice (626)
[2019.01.14-06.07.12:957][ 49]LogModuleManager: Shutting down and abandoning module HierarchicalLODOutliner (624)
[2019.01.14-06.07.12:957][ 49]LogModuleManager: Shutting down and abandoning module SceneOutliner (622)
[2019.01.14-06.07.12:958][ 49]LogModuleManager: Shutting down and abandoning module AddContentDialog (620)
[2019.01.14-06.07.12:958][ 49]LogModuleManager: Shutting down and abandoning module WidgetCarousel (619)
[2019.01.14-06.07.12:958][ 49]LogModuleManager: Shutting down and abandoning module EditorWidgets (616)
[2019.01.14-06.07.12:959][ 49]LogModuleManager: Shutting down and abandoning module CollectionManager (614)
[2019.01.14-06.07.12:959][ 49]LogModuleManager: Shutting down and abandoning module StatsViewer (612)
[2019.01.14-06.07.12:960][ 49]LogModuleManager: Shutting down and abandoning module FoliageEdit (610)
[2019.01.14-06.07.12:960][ 49]LogModuleManager: Shutting down and abandoning module LandscapeEditor (608)
[2019.01.14-06.07.12:960][ 49]LogModuleManager: Shutting down and abandoning module MeshPaintMode (606)
[2019.01.14-06.07.12:960][ 49]LogModuleManager: Shutting down and abandoning module SceneDepthPickerMode (604)
[2019.01.14-06.07.12:960][ 49]LogModuleManager: Shutting down and abandoning module ActorPickerMode (602)
[2019.01.14-06.07.12:960][ 49]LogModuleManager: Shutting down and abandoning module GeometryMode (600)
[2019.01.14-06.07.12:961][ 49]LogModuleManager: Shutting down and abandoning module TextureAlignMode (598)
[2019.01.14-06.07.12:961][ 49]LogModuleManager: Shutting down and abandoning module BspMode (596)
[2019.01.14-06.07.12:961][ 49]LogModuleManager: Shutting down and abandoning module PIEPreviewDeviceProfileSelector (594)
[2019.01.14-06.07.12:961][ 49]LogModuleManager: Shutting down and abandoning module SequenceRecorderSections (592)
[2019.01.14-06.07.12:961][ 49]LogModuleManager: Shutting down and abandoning module AutomationWorker (590)
[2019.01.14-06.07.12:961][ 49]LogModuleManager: Shutting down and abandoning module AudioCaptureEditor (588)
[2019.01.14-06.07.12:961][ 49]LogModuleManager: Shutting down and abandoning module MatineeToLevelSequence (586)
[2019.01.14-06.07.12:962][ 49]LogModuleManager: Shutting down and abandoning module LevelSequenceEditor (584)
[2019.01.14-06.07.12:962][ 49]LogModuleManager: Shutting down and abandoning module PlacementMode (583)
[2019.01.14-06.07.12:963][ 49]LogModuleManager: Shutting down and abandoning module MaterialEditor (582)
[2019.01.14-06.07.12:964][ 49]LogModuleManager: Shutting down and abandoning module WmfMediaFactory (578)
[2019.01.14-06.07.12:964][ 49]LogModuleManager: Shutting down and abandoning module WmfMediaEditor (576)
[2019.01.14-06.07.12:964][ 49]LogModuleManager: Shutting down and abandoning module WebMMediaFactory (574)
[2019.01.14-06.07.12:965][ 49]LogModuleManager: Shutting down and abandoning module WebMMediaEditor (572)
[2019.01.14-06.07.12:965][ 49]LogModuleManager: Shutting down and abandoning module WebMMedia (570)
[2019.01.14-06.07.12:965][ 49]LogModuleManager: Shutting down and abandoning module MediaPlayerEditor (568)
[2019.01.14-06.07.12:965][ 49]LogModuleManager: Shutting down and abandoning module MediaCompositingEditor (566)
[2019.01.14-06.07.12:965][ 49]LogModuleManager: Shutting down and abandoning module SequenceRecorder (565)
[2019.01.14-06.07.12:965][ 49]LogModuleManager: Shutting down and abandoning module OpenExrWrapper (562)
[2019.01.14-06.07.12:966][ 49]LogModuleManager: Shutting down and abandoning module ImgMediaFactory (560)
[2019.01.14-06.07.12:966][ 49]LogModuleManager: Shutting down and abandoning module ImgMediaEditor (558)
[2019.01.14-06.07.12:966][ 49]LogModuleManager: Shutting down and abandoning module AvfMediaFactory (556)
[2019.01.14-06.07.12:966][ 49]LogModuleManager: Shutting down and abandoning module AvfMediaEditor (554)
[2019.01.14-06.07.12:966][ 49]LogModuleManager: Shutting down and abandoning module AndroidMediaFactory (552)
[2019.01.14-06.07.12:966][ 49]LogModuleManager: Shutting down and abandoning module AndroidMediaEditor (550)
[2019.01.14-06.07.12:966][ 49]LogModuleManager: Shutting down and abandoning module MagicLeapCameraPreviewFactory (548)
[2019.01.14-06.07.12:967][ 49]LogModuleManager: Shutting down and abandoning module MagicLeapMediaFactory (546)
[2019.01.14-06.07.12:967][ 49]LogModuleManager: Shutting down and abandoning module MagicLeapMediaEditor (544)
[2019.01.14-06.07.12:967][ 49]LogModuleManager: Shutting down and abandoning module CharacterAI (542)
[2019.01.14-06.07.12:967][ 49]LogModuleManager: Shutting down and abandoning module SmartSnapping (540)
[2019.01.14-06.07.12:967][ 49]LogModuleManager: Shutting down and abandoning module SessionServices (538)
[2019.01.14-06.07.12:967][ 49]LogModuleManager: Shutting down and abandoning module ViewportSnapping (536)
[2019.01.14-06.07.12:967][ 49]LogModuleManager: Shutting down and abandoning module ViewportInteraction (534)
[2019.01.14-06.07.12:968][ 49]LogModuleManager: Shutting down and abandoning module ClothPainter (532)
[2019.01.14-06.07.12:969][ 49]LogModuleManager: Shutting down and abandoning module SkeletalMeshEditor (531)
[2019.01.14-06.07.12:970][ 49]LogModuleManager: Shutting down and abandoning module LogVisualizer (528)
[2019.01.14-06.07.12:970][ 49]LogModuleManager: Shutting down and abandoning module IntroTutorials (526)
[2019.01.14-06.07.12:970][ 49]LogModuleManager: Shutting down and abandoning module GameProjectGeneration (525)
[2019.01.14-06.07.12:971][ 49]LogModuleManager: Shutting down and abandoning module LuminPlatformEditor (522)
[2019.01.14-06.07.12:971][ 49]LogModuleManager: Shutting down and abandoning module IOSPlatformEditor (520)
[2019.01.14-06.07.12:971][ 49]LogModuleManager: Shutting down and abandoning module HTML5PlatformEditor (518)
[2019.01.14-06.07.12:971][ 49]LogModuleManager: Shutting down and abandoning module AndroidPlatformEditor (516)
[2019.01.14-06.07.12:972][ 49]LogModuleManager: Shutting down and abandoning module AndroidDeviceDetection (515)
[2019.01.14-06.07.13:886][ 49]LogModuleManager: Shutting down and abandoning module WindowsPlatformEditor (512)
[2019.01.14-06.07.13:886][ 49]LogModuleManager: Shutting down and abandoning module LuminRuntimeSettings (510)
[2019.01.14-06.07.13:886][ 49]LogModuleManager: Shutting down and abandoning module IOSRuntimeSettings (508)
[2019.01.14-06.07.13:886][ 49]LogModuleManager: Shutting down and abandoning module AndroidRuntimeSettings (506)
[2019.01.14-06.07.13:886][ 49]LogModuleManager: Shutting down and abandoning module TimeManagementEditor (504)
[2019.01.14-06.07.13:886][ 49]LogModuleManager: Shutting down and abandoning module InputBindingEditor (502)
[2019.01.14-06.07.13:887][ 49]LogModuleManager: Shutting down and abandoning module MergeActors (500)
[2019.01.14-06.07.13:887][ 49]LogModuleManager: Shutting down and abandoning module LocalizationDashboard (498)
[2019.01.14-06.07.13:887][ 49]LogModuleManager: Shutting down and abandoning module LocalizationService (497)
[2019.01.14-06.07.13:887][ 49]LogModuleManager: Shutting down and abandoning module HardwareTargeting (494)
[2019.01.14-06.07.13:887][ 49]LogModuleManager: Shutting down and abandoning module DeviceProfileEditor (492)
[2019.01.14-06.07.13:887][ 49]LogModuleManager: Shutting down and abandoning module UndoHistory (490)
[2019.01.14-06.07.13:888][ 49]LogModuleManager: Shutting down and abandoning module XmlParser (488)
[2019.01.14-06.07.13:888][ 49]LogModuleManager: Shutting down and abandoning module Blutility (486)
[2019.01.14-06.07.13:888][ 49]LogModuleManager: Shutting down and abandoning module ProjectSettingsViewer (484)
[2019.01.14-06.07.13:888][ 49]LogModuleManager: Shutting down and abandoning module ProjectTargetPlatformEditor (483)
[2019.01.14-06.07.13:888][ 49]LogModuleManager: Shutting down and abandoning module EditorSettingsViewer (480)
[2019.01.14-06.07.13:888][ 49]LogModuleManager: Shutting down and abandoning module SettingsEditor (478)
[2019.01.14-06.07.13:888][ 49]LogModuleManager: Shutting down and abandoning module ProjectLauncher (476)
[2019.01.14-06.07.13:889][ 49]LogModuleManager: Shutting down and abandoning module SessionFrontend (474)
[2019.01.14-06.07.13:889][ 49]LogModuleManager: Shutting down and abandoning module ProfilerClient (472)
[2019.01.14-06.07.13:889][ 49]LogModuleManager: Shutting down and abandoning module DeviceManager (470)
[2019.01.14-06.07.13:890][ 49]LogModuleManager: Shutting down and abandoning module TargetDeviceServices (469)
[2019.01.14-06.07.13:932][ 49]LogModuleManager: Shutting down and abandoning module AutomationController (466)
[2019.01.14-06.07.13:932][ 49]LogModuleManager: Shutting down and abandoning module AutomationWindow (464)
[2019.01.14-06.07.13:933][ 49]LogModuleManager: Shutting down and abandoning module Layers (462)
[2019.01.14-06.07.13:935][ 49]LogModuleManager: Shutting down and abandoning module ComponentVisualizers (460)
[2019.01.14-06.07.13:935][ 49]LogModuleManager: Shutting down and abandoning module DetailCustomizations (458)
[2019.01.14-06.07.13:936][ 49]LogModuleManager: Shutting down and abandoning module PackagesDialog (456)
[2019.01.14-06.07.13:936][ 49]LogModuleManager: Shutting down and abandoning module Persona (454)
[2019.01.14-06.07.13:936][ 49]LogModuleManager: Shutting down and abandoning module AdvancedPreviewScene (453)
[2019.01.14-06.07.13:936][ 49]LogModuleManager: Shutting down and abandoning module AnimGraph (451)
[2019.01.14-06.07.13:937][ 49]LogModuleManager: Shutting down and abandoning module Kismet (448)
[2019.01.14-06.07.13:943][ 49]LogModuleManager: Shutting down and abandoning module GraphEditor (446)
[2019.01.14-06.07.13:943][ 49]LogModuleManager: Shutting down and abandoning module ClassViewer (444)
[2019.01.14-06.07.13:943][ 49]LogModuleManager: Shutting down and abandoning module Toolbox (442)
[2019.01.14-06.07.13:943][ 49]LogModuleManager: Shutting down and abandoning module DesktopPlatform (441)
[2019.01.14-06.07.13:944][ 49]LogModuleManager: Shutting down and abandoning module ModuleUI (438)
[2019.01.14-06.07.13:944][ 49]LogModuleManager: Shutting down and abandoning module MovieSceneTools (436)
[2019.01.14-06.07.13:945][ 49]LogModuleManager: Shutting down and abandoning module OutputLog (434)
[2019.01.14-06.07.13:945][ 49]LogModuleManager: Shutting down and abandoning module GammaUI (432)
[2019.01.14-06.07.13:946][ 49]LogModuleManager: Shutting down and abandoning module Documentation (430)
[2019.01.14-06.07.13:946][ 49]LogModuleManager: Shutting down and abandoning module MovieSceneTracks (428)
[2019.01.14-06.07.13:946][ 49]LogModuleManager: Shutting down and abandoning module MovieScene (426)
[2019.01.14-06.07.13:946][ 49]LogModuleManager: Shutting down and abandoning module StreamingPauseRendering (424)
[2019.01.14-06.07.13:947][ 49]LogModuleManager: Shutting down and abandoning module LauncherPlatform (422)
[2019.01.14-06.07.13:947][ 49]LogModuleManager: Shutting down and abandoning module AnalyticsET (420)
[2019.01.14-06.07.13:947][ 49]LogModuleManager: Shutting down and abandoning module PortalServices (418)
[2019.01.14-06.07.13:947][ 49]LogModuleManager: Shutting down and abandoning module PortalRpc (416)
[2019.01.14-06.07.13:947][ 49]LogModuleManager: Shutting down and abandoning module MessagingRpc (414)
[2019.01.14-06.07.13:948][ 49]LogModuleManager: Shutting down and abandoning module AIModule (412)
[2019.01.14-06.07.13:948][ 49]LogModuleManager: Shutting down and abandoning module GameplayDebugger (411)
[2019.01.14-06.07.13:948][ 49]LogModuleManager: Shutting down and abandoning module AITestSuite (409)
[2019.01.14-06.07.13:949][ 49]LogModuleManager: Shutting down and abandoning module NavigationSystem (407)
[2019.01.14-06.07.13:949][ 49]LogModuleManager: Shutting down and abandoning module ImageWriteQueue (404)
[2019.01.14-06.07.13:965][ 49]LogModuleManager: Shutting down and abandoning module ProfilerService (402)
[2019.01.14-06.07.14:048][ 49]LogModuleManager: Shutting down and abandoning module TaskGraph (400)
[2019.01.14-06.07.14:049][ 49]LogModuleManager: Shutting down and abandoning module SteamVRController (398)
[2019.01.14-06.07.14:049][ 49]LogModuleManager: Shutting down and abandoning module ProceduralMeshComponentEditor (396)
[2019.01.14-06.07.14:049][ 49]LogModuleManager: Shutting down and abandoning module ProceduralMeshComponent (394)
[2019.01.14-06.07.14:049][ 49]LogModuleManager: Shutting down and abandoning module OculusInput (392)
[2019.01.14-06.07.14:050][ 49]LogModuleManager: Shutting down and abandoning module MobilePatchingUtils (390)
[2019.01.14-06.07.14:050][ 49]LogModuleManager: Shutting down and abandoning module EditableMesh (388)
[2019.01.14-06.07.14:050][ 49]LogModuleManager: Shutting down and abandoning module CustomMeshComponent (386)
[2019.01.14-06.07.14:050][ 49]LogModuleManager: Shutting down and abandoning module CableComponent (384)
[2019.01.14-06.07.14:050][ 49]LogModuleManager: Shutting down and abandoning module AudioCapture (382)
[2019.01.14-06.07.14:051][ 49]LogModuleManager: Shutting down and abandoning module ArchVisCharacter (380)
[2019.01.14-06.07.14:051][ 49]LogModuleManager: Shutting down and abandoning module AndroidPermission (378)
[2019.01.14-06.07.14:051][ 49]LogModuleManager: Shutting down and abandoning module NUTUnrealEngine4 (376)
[2019.01.14-06.07.14:052][ 49]LogModuleManager: Shutting down and abandoning module NetcodeUnitTest (374)
[2019.01.14-06.07.14:052][ 49]LogModuleManager: Shutting down and abandoning module MediaCompositing (372)
[2019.01.14-06.07.14:052][ 49]LogModuleManager: Shutting down and abandoning module LinearTimecode (370)
[2019.01.14-06.07.14:052][ 49]LogModuleManager: Shutting down and abandoning module ImgMedia (368)
[2019.01.14-06.07.14:069][ 49]LogModuleManager: Shutting down and abandoning module HTML5Networking (366)
[2019.01.14-06.07.14:069][ 49]LogModuleManager: Shutting down and abandoning module GeometryCacheTracks (364)
[2019.01.14-06.07.14:069][ 49]LogModuleManager: Shutting down and abandoning module GeometryCacheSequencer (362)
[2019.01.14-06.07.14:070][ 49]LogModuleManager: Shutting down and abandoning module BackChannel (360)
[2019.01.14-06.07.14:070][ 49]LogModuleManager: Shutting down and abandoning module AppleVision (358)
[2019.01.14-06.07.14:070][ 49]LogModuleManager: Shutting down and abandoning module AppleImageUtilsBlueprintSupport (356)
[2019.01.14-06.07.14:070][ 49]LogModuleManager: Shutting down and abandoning module AppleImageUtils (354)
[2019.01.14-06.07.14:070][ 49]LogModuleManager: Shutting down and abandoning module AlembicImporter (352)
[2019.01.14-06.07.14:070][ 49]LogModuleManager: Shutting down and abandoning module AlembicLibrary (351)
[2019.01.14-06.07.14:070][ 49]LogModuleManager: Shutting down and abandoning module GeometryCache (350)
[2019.01.14-06.07.14:070][ 49]LogModuleManager: Shutting down and abandoning module GeometryCacheEd (349)
[2019.01.14-06.07.14:070][ 49]LogModuleManager: Shutting down and abandoning module VariantManagerContent (344)
[2019.01.14-06.07.14:071][ 49]LogModuleManager: Shutting down and abandoning module DatasmithContentEditor (342)
[2019.01.14-06.07.14:071][ 49]LogModuleManager: Shutting down and abandoning module SpeedTreeImporter (340)
[2019.01.14-06.07.14:071][ 49]LogModuleManager: Shutting down and abandoning module PluginBrowser (338)
[2019.01.14-06.07.14:071][ 49]LogModuleManager: Shutting down and abandoning module MobileLauncherProfileWizard (336)
[2019.01.14-06.07.14:072][ 49]LogModuleManager: Shutting down and abandoning module PolygonModeling (334)
[2019.01.14-06.07.14:072][ 49]LogModuleManager: Shutting down and abandoning module MeshEditor (332)
[2019.01.14-06.07.14:072][ 49]LogModuleManager: Shutting down and abandoning module CryptoKeysOpenSSL (330)
[2019.01.14-06.07.14:072][ 49]LogModuleManager: Shutting down and abandoning module CryptoKeys (328)
[2019.01.14-06.07.14:073][ 49]LogModuleManager: Shutting down and abandoning module VisualStudioSourceCodeAccess (326)
[2019.01.14-06.07.14:073][ 49]LogModuleManager: Shutting down and abandoning module VisualStudioCodeSourceCodeAccess (324)
[2019.01.14-06.07.14:073][ 49]LogModuleManager: Shutting down and abandoning module UObjectPlugin (322)
[2019.01.14-06.07.14:073][ 49]LogModuleManager: Shutting down and abandoning module SubversionSourceControl (320)
[2019.01.14-06.07.14:073][ 49]LogModuleManager: Shutting down and abandoning module PerforceSourceControl (318)
[2019.01.14-06.07.14:074][ 49]LogModuleManager: Shutting down and abandoning module GitSourceControl (316)
[2019.01.14-06.07.14:074][ 49]LogModuleManager: Shutting down and abandoning module SourceControl (315)
[2019.01.14-06.07.14:074][ 49]LogModuleManager: Shutting down and abandoning module CLionSourceCodeAccess (312)
[2019.01.14-06.07.14:074][ 49]LogModuleManager: Shutting down and abandoning module ActorLayerUtilitiesEditor (310)
[2019.01.14-06.07.14:074][ 49]LogModuleManager: Shutting down and abandoning module ActorLayerUtilities (308)
[2019.01.14-06.07.14:074][ 49]LogModuleManager: Shutting down and abandoning module LightPropagationVolumeEditor (306)
[2019.01.14-06.07.14:074][ 49]LogModuleManager: Shutting down and abandoning module PaperTiledImporter (304)
[2019.01.14-06.07.14:075][ 49]LogModuleManager: Shutting down and abandoning module PaperSpriteSheetImporter (302)
[2019.01.14-06.07.14:075][ 49]LogModuleManager: Shutting down and abandoning module Paper2DEditor (300)
[2019.01.14-06.07.14:075][ 49]LogModuleManager: Shutting down and abandoning module MeshPaint (299)
[2019.01.14-06.07.14:075][ 49]LogModuleManager: Shutting down and abandoning module FPSGame (296)
[2019.01.14-06.07.14:076][ 49]LogModuleManager: Shutting down and abandoning module RuntimePhysXCooking (294)
[2019.01.14-06.07.14:076][ 49]LogModuleManager: Shutting down and abandoning module PhysXVehiclesEditor (292)
[2019.01.14-06.07.14:076][ 49]LogModuleManager: Shutting down and abandoning module PhysXVehicles (290)
[2019.01.14-06.07.14:076][ 49]LogModuleManager: Shutting down and abandoning module OculusEditor (288)
[2019.01.14-06.07.14:076][ 49]LogModuleManager: Shutting down and abandoning module LocationServicesBPLibrary (286)
[2019.01.14-06.07.14:076][ 49]LogModuleManager: Shutting down and abandoning module ActorSequence (284)
[2019.01.14-06.07.14:076][ 49]LogModuleManager: Shutting down and abandoning module UdpMessaging (282)
[2019.01.14-06.07.14:177][ 49]LogModuleManager: Shutting down and abandoning module TcpMessaging (280)
[2019.01.14-06.07.14:279][ 49]LogModuleManager: Shutting down and abandoning module MagicLeapAudio (278)
[2019.01.14-06.07.14:279][ 49]LogModuleManager: Shutting down and abandoning module GameplayTagsEditor (276)
[2019.01.14-06.07.14:280][ 49]LogModuleManager: Shutting down and abandoning module FacialAnimationEditor (274)
[2019.01.14-06.07.14:280][ 49]LogModuleManager: Shutting down and abandoning module FacialAnimation (272)
[2019.01.14-06.07.14:280][ 49]LogModuleManager: Shutting down and abandoning module DataValidation (270)
[2019.01.14-06.07.14:281][ 49]LogModuleManager: Shutting down and abandoning module AssetManagerEditor (268)
[2019.01.14-06.07.14:283][ 49]LogModuleManager: Shutting down and abandoning module LevelEditor (267)
[2019.01.14-06.07.14:285][ 49]LogModuleManager: Shutting down and abandoning module PixelInspectorModule (266)
[2019.01.14-06.07.14:285][ 49]LogModuleManager: Shutting down and abandoning module CommonMenuExtensions (264)
[2019.01.14-06.07.14:286][ 49]LogModuleManager: Shutting down and abandoning module MainFrame (262)
[2019.01.14-06.07.14:287][ 49]LogModuleManager: Shutting down and abandoning module HotReload (261)
[2019.01.14-06.07.14:290][ 49]LogModuleManager: Shutting down and abandoning module ContentBrowser (257)
[2019.01.14-06.07.14:293][ 49]LogModuleManager: Shutting down and abandoning module TreeMap (255)
[2019.01.14-06.07.14:294][ 49]LogModuleManager: Shutting down and abandoning module LightPropagationVolumeRuntime (252)
[2019.01.14-06.07.14:294][ 49]LogModuleManager: Shutting down and abandoning module AISupportModule (250)
[2019.01.14-06.07.14:294][ 49]LogModuleManager: Shutting down and abandoning module Paper2D (248)
[2019.01.14-06.07.14:294][ 49]LogModuleManager: Shutting down and abandoning module WindowsMoviePlayer (246)
[2019.01.14-06.07.14:295][ 49]LogModuleManager: Shutting down and abandoning module WebMMoviePlayer (244)
[2019.01.14-06.07.14:295][ 49]LogModuleManager: Shutting down and abandoning module WmfMedia (242)
[2019.01.14-06.07.14:296][ 49]LogModuleManager: Shutting down and abandoning module Media (241)
[2019.01.14-06.07.14:307][ 49]LogModuleManager: Shutting down and abandoning module PacketHandler (238)
[2019.01.14-06.07.14:307][ 49]LogModuleManager: Shutting down and abandoning module ClothingSystemEditor (236)
[2019.01.14-06.07.14:307][ 49]LogModuleManager: Shutting down and abandoning module ClothingSystemRuntime (234)
[2019.01.14-06.07.14:308][ 49]LogModuleManager: Shutting down and abandoning module MediaAssets (232)
[2019.01.14-06.07.14:308][ 49]LogModuleManager: Shutting down and abandoning module Overlay (230)
[2019.01.14-06.07.14:308][ 49]LogModuleManager: Shutting down and abandoning module OverlayEditor (229)
[2019.01.14-06.07.14:308][ 49]LogModuleManager: Shutting down and abandoning module VREditor (226)
[2019.01.14-06.07.14:309][ 49]LogModuleManager: Shutting down and abandoning module StringTableEditor (224)
[2019.01.14-06.07.14:309][ 49]LogModuleManager: Shutting down and abandoning module GameplayTasksEditor (222)
[2019.01.14-06.07.14:309][ 49]LogModuleManager: Shutting down and abandoning module BehaviorTreeEditor (220)
[2019.01.14-06.07.14:310][ 49]LogModuleManager: Shutting down and abandoning module FunctionalTesting (218)
[2019.01.14-06.07.14:310][ 49]LogModuleManager: Shutting down and abandoning module CollisionAnalyzer (216)
[2019.01.14-06.07.14:310][ 49]LogModuleManager: Shutting down and abandoning module WorkspaceMenuStructure (215)
[2019.01.14-06.07.14:310][ 49]LogModuleManager: Shutting down and abandoning module UMG (212)
[2019.01.14-06.07.14:311][ 49]LogModuleManager: Shutting down and abandoning module UMGEditor (211)
[2019.01.14-06.07.14:311][ 49]LogModuleManager: Shutting down and abandoning module Sequencer (210)
[2019.01.14-06.07.14:312][ 49]LogModuleManager: Shutting down and abandoning module MessageLog (207)
[2019.01.14-06.07.14:312][ 49]LogModuleManager: Shutting down and abandoning module SlateReflector (202)
[2019.01.14-06.07.14:313][ 49]LogModuleManager: Shutting down and abandoning module Slate (200)
[2019.01.14-06.07.14:314][ 49]LogModuleManager: Shutting down and abandoning module EditorStyle (198)
[2019.01.14-06.07.14:316][ 49]LogModuleManager: Shutting down and abandoning module MRMesh (196)
[2019.01.14-06.07.14:316][ 49]LogModuleManager: Shutting down and abandoning module SourceCodeAccess (194)
[2019.01.14-06.07.14:317][ 49]LogModuleManager: Shutting down and abandoning module HeadMountedDisplay (192)
[2019.01.14-06.07.14:317][ 49]LogModuleManager: Shutting down and abandoning module XAudio2 (190)
[2019.01.14-06.07.14:317][ 49]LogModuleManager: Shutting down and abandoning module Networking (188)
[2019.01.14-06.07.14:317][ 49]LogModuleManager: Shutting down and abandoning module Core (186)
[2019.01.14-06.07.14:317][ 49]LogModuleManager: Shutting down and abandoning module LevelSequence (184)
[2019.01.14-06.07.14:317][ 49]LogModuleManager: Shutting down and abandoning module KismetCompiler (182)
[2019.01.14-06.07.14:317][ 49]LogModuleManager: Shutting down and abandoning module MeshUtilities (180)
[2019.01.14-06.07.14:318][ 49]LogModuleManager: Shutting down and abandoning module MeshMergeUtilities (179)
[2019.01.14-06.07.14:318][ 49]LogModuleManager: Shutting down and abandoning module MeshReductionInterface (178)
[2019.01.14-06.07.14:318][ 49]LogModuleManager: Shutting down and abandoning module SimplygonSwarm (177)
[2019.01.14-06.07.14:318][ 49]LogModuleManager: Shutting down and abandoning module ProxyLODMeshReduction (175)
[2019.01.14-06.07.14:319][ 49]LogModuleManager: Shutting down and abandoning module SimplygonMeshReduction (173)
[2019.01.14-06.07.14:319][ 49]LogModuleManager: Shutting down and abandoning module QuadricMeshReduction (171)
[2019.01.14-06.07.14:320][ 49]LogModuleManager: Shutting down and abandoning module MaterialBaking (167)
[2019.01.14-06.07.14:320][ 49]LogModuleManager: Shutting down and abandoning module DirectoryWatcher (163)
[2019.01.14-06.07.14:320][ 49]LogModuleManager: Shutting down and abandoning module DerivedDataCache (160)
[2019.01.14-06.07.14:328][ 49]LogDerivedDataCache: Shutdown
[2019.01.14-06.07.14:329][ 49]LogModuleManager: Shutting down and abandoning module XGEController (158)
[2019.01.14-06.07.14:329][ 49]LogXGEController: Cleaning working directory: C:/Users/David Schriemer/AppData/Local/Temp/UnrealXGEWorkingDir/
[2019.01.14-06.07.14:329][ 49]LogModuleManager: Shutting down and abandoning module TargetPlatform (156)
[2019.01.14-06.07.14:329][ 49]LogModuleManager: Shutting down and abandoning module VulkanShaderFormat (155)
[2019.01.14-06.07.14:329][ 49]LogModuleManager: Shutting down and abandoning module ShaderFormatVectorVM (153)
[2019.01.14-06.07.14:330][ 49]LogModuleManager: Shutting down and abandoning module ShaderFormatOpenGL (151)
[2019.01.14-06.07.14:330][ 49]LogModuleManager: Shutting down and abandoning module ShaderFormatD3D (149)
[2019.01.14-06.07.14:330][ 49]LogModuleManager: Shutting down and abandoning module MetalShaderFormat (147)
[2019.01.14-06.07.14:331][ 49]LogModuleManager: Shutting down and abandoning module TextureFormatUncompressed (145)
[2019.01.14-06.07.14:331][ 49]LogModuleManager: Shutting down and abandoning module TextureFormatPVR (143)
[2019.01.14-06.07.14:331][ 49]LogModuleManager: Shutting down and abandoning module TextureFormatDXT (141)
[2019.01.14-06.07.14:331][ 49]LogModuleManager: Shutting down and abandoning module TextureFormatIntelISPCTexComp (139)
[2019.01.14-06.07.14:333][ 49]LogModuleManager: Shutting down and abandoning module TextureFormatASTC (137)
[2019.01.14-06.07.14:333][ 49]LogModuleManager: Shutting down and abandoning module ImageWrapper (136)
[2019.01.14-06.07.14:333][ 49]LogModuleManager: Shutting down and abandoning module TextureFormatAndroid (133)
[2019.01.14-06.07.14:333][ 49]LogModuleManager: Shutting down and abandoning module AudioFormatOpus (131)
[2019.01.14-06.07.14:333][ 49]LogModuleManager: Shutting down and abandoning module AudioFormatOgg (129)
[2019.01.14-06.07.14:333][ 49]LogModuleManager: Shutting down and abandoning module AudioFormatADPCM (127)
[2019.01.14-06.07.14:333][ 49]LogModuleManager: Shutting down and abandoning module LuminTargetPlatform (125)
[2019.01.14-06.07.14:335][ 49]LogModuleManager: Shutting down and abandoning module LinuxTargetPlatform (123)
[2019.01.14-06.07.14:335][ 49]LogModuleManager: Shutting down and abandoning module LinuxServerTargetPlatform (121)
[2019.01.14-06.07.14:335][ 49]LogModuleManager: Shutting down and abandoning module LinuxNoEditorTargetPlatform (119)
[2019.01.14-06.07.14:335][ 49]LogModuleManager: Shutting down and abandoning module LinuxClientTargetPlatform (117)
[2019.01.14-06.07.14:335][ 49]LogModuleManager: Shutting down and abandoning module TVOSTargetPlatform (115)
[2019.01.14-06.07.14:336][ 49]LogModuleManager: Shutting down and abandoning module Messaging (113)
[2019.01.14-06.07.14:336][ 49]LogModuleManager: Shutting down and abandoning module IOSTargetPlatform (111)
[2019.01.14-06.07.14:338][ 49]LogModuleManager: Shutting down and abandoning module HTML5TargetPlatform (109)
[2019.01.14-06.07.14:338][ 49]LogModuleManager: Shutting down and abandoning module AndroidTargetPlatform (107)
[2019.01.14-06.07.14:348][ 49]LogModuleManager: Shutting down and abandoning module WindowsTargetPlatform (105)
[2019.01.14-06.07.14:348][ 49]LogModuleManager: Shutting down and abandoning module WindowsServerTargetPlatform (103)
[2019.01.14-06.07.14:348][ 49]LogModuleManager: Shutting down and abandoning module WindowsNoEditorTargetPlatform (101)
[2019.01.14-06.07.14:348][ 49]LogModuleManager: Shutting down and abandoning module WindowsClientTargetPlatform (99)
[2019.01.14-06.07.14:348][ 49]LogModuleManager: Shutting down and abandoning module MacTargetPlatform (97)
[2019.01.14-06.07.14:348][ 49]LogModuleManager: Shutting down and abandoning module MacServerTargetPlatform (95)
[2019.01.14-06.07.14:348][ 49]LogModuleManager: Shutting down and abandoning module MacNoEditorTargetPlatform (93)
[2019.01.14-06.07.14:349][ 49]LogModuleManager: Shutting down and abandoning module MacClientTargetPlatform (91)
[2019.01.14-06.07.14:349][ 49]LogModuleManager: Shutting down and abandoning module AllDesktopTargetPlatform (89)
[2019.01.14-06.07.14:349][ 49]LogModuleManager: Shutting down and abandoning module InputCore (86)
[2019.01.14-06.07.14:349][ 49]LogModuleManager: Shutting down and abandoning module Settings (84)
[2019.01.14-06.07.14:349][ 49]LogModuleManager: Shutting down and abandoning module PhysXCooking (82)
[2019.01.14-06.07.14:349][ 49]LogModuleManager: Shutting down and abandoning module SteamVR (80)
[2019.01.14-06.07.14:349][ 49]LogHMD: Freeing OpenVRDLLHandle.
[2019.01.14-06.07.14:350][ 49]LogModuleManager: Shutting down and abandoning module OculusHMD (78)
[2019.01.14-06.07.14:350][ 49]LogModuleManager: Shutting down and abandoning module ExampleDeviceProfileSelector (76)
[2019.01.14-06.07.14:350][ 49]LogModuleManager: Shutting down and abandoning module LauncherChunkInstaller (74)
[2019.01.14-06.07.14:350][ 49]LogModuleManager: Shutting down and abandoning module OnlineBlueprintSupport (72)
[2019.01.14-06.07.14:350][ 49]LogModuleManager: Shutting down and abandoning module OnlineSubsystem (68)
[2019.01.14-06.07.14:353][ 49]LogModuleManager: Shutting down and abandoning module XMPP (63)
[2019.01.14-06.07.14:353][ 49]LogModuleManager: Shutting down and abandoning module WebSockets (62)
[2019.01.14-06.07.14:363][ 49]LogModuleManager: Shutting down and abandoning module HTTP (59)
[2019.01.14-06.07.14:363][ 49]LogHttp: Display: Http module shutting down, but needs to wait on 1 outstanding Http requests:
[2019.01.14-06.07.14:364][ 49]LogHttp: Display: 	verb=[POST] url=[https://datarouter.ol.epicgames.com/datarouter/api/v1/public/data?SessionID=%7BBE516B47-47B8-99D2-FCFB-659A84399019%7D&AppID=UEEditor.Rocket.Release&AppVersion=4.21.1-4613538%2B%2B%2BUE4%2BRelease-4.21&UserID=1a30f8654a5c9df438af16b996bbadc3%7Cc69459eafe0443248fa104725d886558%7C295d8cc4-e75c-4084-9d5c-e7e3697b901e&AppEnvironment=datacollector-binary&UploadType=eteventstream] status=Processing
[2019.01.14-06.07.14:392][ 49]LogModuleManager: Shutting down and abandoning module SSL (58)
[2019.01.14-06.07.14:394][ 49]LogModuleManager: Shutting down and abandoning module MagicLeapIdentity (54)
[2019.01.14-06.07.14:395][ 49]LogModuleManager: Shutting down and abandoning module MagicLeapHelperVulkan (52)
[2019.01.14-06.07.14:395][ 49]LogModuleManager: Shutting down and abandoning module MagicLeapHelperOpenGL (50)
[2019.01.14-06.07.14:395][ 49]LogModuleManager: Shutting down and abandoning module MagicLeapSecureStorage (48)
[2019.01.14-06.07.14:395][ 49]LogModuleManager: Shutting down and abandoning module MagicLeapHandTracking (46)
[2019.01.14-06.07.14:395][ 49]LogModuleManager: Shutting down and abandoning module MagicLeapEyeTracker (44)
[2019.01.14-06.07.14:395][ 49]LogModuleManager: Shutting down and abandoning module MagicLeapController (42)
[2019.01.14-06.07.14:395][ 49]LogSlate: Slate User Destroyed.  User Index 0, Is Virtual User: 0
[2019.01.14-06.07.14:396][ 49]LogModuleManager: Shutting down and abandoning module MagicLeap (40)
[2019.01.14-06.07.14:396][ 49]LogModuleManager: Shutting down and abandoning module DatasmithContent (38)
[2019.01.14-06.07.14:397][ 49]LogModuleManager: Shutting down and abandoning module AnimationModifiers (36)
[2019.01.14-06.07.14:397][ 49]LogModuleManager: Shutting down and abandoning module PropertyEditor (35)
[2019.01.14-06.07.14:397][ 49]LogModuleManager: Shutting down and abandoning module AudioEditor (32)
[2019.01.14-06.07.14:398][ 49]LogModuleManager: Shutting down and abandoning module TextureCompressor (30)
[2019.01.14-06.07.14:399][ 49]LogModuleManager: Shutting down and abandoning module ShaderCore (28)
[2019.01.14-06.07.14:399][ 49]LogModuleManager: Shutting down and abandoning module Landscape (26)
[2019.01.14-06.07.14:399][ 49]LogModuleManager: Shutting down and abandoning module SlateRHIRenderer (24)
[2019.01.14-06.07.14:400][ 49]LogModuleManager: Shutting down and abandoning module OpenGLDrv (22)
[2019.01.14-06.07.14:401][ 49]LogModuleManager: Shutting down and abandoning module D3D11RHI (20)
[2019.01.14-06.07.14:401][ 49]LogModuleManager: Shutting down and abandoning module AnimGraphRuntime (18)
[2019.01.14-06.07.14:401][ 49]LogModuleManager: Shutting down and abandoning module Renderer (16)
[2019.01.14-06.07.14:401][ 49]LogModuleManager: Shutting down and abandoning module Engine (14)
[2019.01.14-06.07.14:401][ 49]LogModuleManager: Shutting down and abandoning module CoreUObject (12)
[2019.01.14-06.07.14:401][ 49]LogModuleManager: Shutting down and abandoning module NetworkFile (10)
[2019.01.14-06.07.14:401][ 49]LogModuleManager: Shutting down and abandoning module CookedIterativeFile (8)
[2019.01.14-06.07.14:401][ 49]LogModuleManager: Shutting down and abandoning module StreamingFile (6)
[2019.01.14-06.07.14:402][ 49]LogModuleManager: Shutting down and abandoning module SandboxFile (4)
[2019.01.14-06.07.14:402][ 49]LogModuleManager: Shutting down and abandoning module PakFile (2)
[2019.01.14-06.07.14:428][ 49]LogExit: Exiting.
[2019.01.14-06.07.14:432][ 49]Log file closed, 01/13/19 22:07:14
