Log file open, 01/13/19 17:57:34
LogWindows: Failed to load 'aqProf.dll' (GetLastError=126)
LogWindows: File 'aqProf.dll' does not exist
LogWindows: Failed to load 'VtuneApi.dll' (GetLastError=126)
LogWindows: File 'VtuneApi.dll' does not exist
LogWindows: Failed to load 'VtuneApi32e.dll' (GetLastError=126)
LogWindows: File 'VtuneApi32e.dll' does not exist
LogConsoleResponse: Display: Failed to find resolution value strings in scalability ini. Falling back to default.
LogInit: Display: Running engine for game: FPSGame
LogPakFile: Registered encryption key '00000000000000000000000000000000': 0 pak files mounted, 0 remain pending
LogPlatformFile: Not using cached read wrapper
LogTaskGraph: Started task graph with 5 named threads and 23 total threads with 3 sets of task threads.
LogStats: Stats thread started at 0.417372
LogD3D11RHI: Loaded GFSDK_Aftermath_Lib.x64.dll
LogICUInternationalization: ICU TimeZone Detection - Raw Offset: -8:00, Platform Override: ''
LogPluginManager: Mounting plugin Paper2D
LogPluginManager: Mounting plugin AISupport
LogPluginManager: Mounting plugin LightPropagationVolume
LogPluginManager: Mounting plugin ActorLayerUtilities
LogPluginManager: Mounting plugin CLionSourceCodeAccess
LogPluginManager: Mounting plugin CodeLiteSourceCodeAccess
LogPluginManager: Mounting plugin GitSourceControl
LogPluginManager: Mounting plugin KDevelopSourceCodeAccess
LogPluginManager: Mounting plugin NullSourceCodeAccess
LogPluginManager: Mounting plugin PerforceSourceControl
LogPluginManager: Mounting plugin SubversionSourceControl
LogPluginManager: Mounting plugin UObjectPlugin
LogPluginManager: Mounting plugin VisualStudioCodeSourceCodeAccess
LogPluginManager: Mounting plugin VisualStudioSourceCodeAccess
LogPluginManager: Mounting plugin XCodeSourceCodeAccess
LogPluginManager: Mounting plugin AssetManagerEditor
LogPluginManager: Mounting plugin CryptoKeys
LogPluginManager: Mounting plugin DataValidation
LogPluginManager: Mounting plugin FacialAnimation
LogPluginManager: Mounting plugin GameplayTagsEditor
LogPluginManager: Mounting plugin MacGraphicsSwitching
LogPluginManager: Mounting plugin MeshEditor
LogPluginManager: Mounting plugin MobileLauncherProfileWizard
LogPluginManager: Mounting plugin PluginBrowser
LogPluginManager: Mounting plugin SpeedTreeImporter
LogPluginManager: Mounting plugin DatasmithContent
LogPluginManager: Mounting plugin VariantManagerContent
LogPluginManager: Mounting plugin AlembicImporter
LogPluginManager: Mounting plugin AppleImageUtils
LogPluginManager: Mounting plugin AppleVision
LogPluginManager: Mounting plugin BackChannel
LogPluginManager: Mounting plugin CharacterAI
LogPluginManager: Mounting plugin GeometryCache
LogPluginManager: Mounting plugin HTML5Networking
LogPluginManager: Mounting plugin ProxyLODPlugin
LogPluginManager: Mounting plugin MagicLeap
LogPluginManager: Mounting plugin MagicLeapMedia
LogPluginManager: Mounting plugin AndroidMedia
LogPluginManager: Mounting plugin AvfMedia
LogPluginManager: Mounting plugin ImgMedia
LogPluginManager: Mounting plugin LinearTimecode
LogPluginManager: Mounting plugin MediaCompositing
LogPluginManager: Mounting plugin MediaPlayerEditor
LogPluginManager: Mounting plugin WebMMedia
LogPluginManager: Mounting plugin WmfMedia
LogPluginManager: Mounting plugin TcpMessaging
LogPluginManager: Mounting plugin UdpMessaging
LogPluginManager: Mounting plugin ActorSequence
LogPluginManager: Mounting plugin LevelSequenceEditor
LogPluginManager: Mounting plugin MatineeToLevelSequence
LogPluginManager: Mounting plugin NetcodeUnitTest
LogPluginManager: Mounting plugin NUTUnrealEngine4
LogPluginManager: Mounting plugin OnlineSubsystemGooglePlay
LogPluginManager: Mounting plugin OnlineSubsystemIOS
LogPluginManager: Mounting plugin OnlineSubsystem
LogPluginManager: Mounting plugin OnlineSubsystemNull
LogPluginManager: Mounting plugin OnlineSubsystemUtils
LogPluginManager: Mounting plugin LauncherChunkInstaller
LogPluginManager: Mounting plugin AndroidDeviceProfileSelector
LogPluginManager: Mounting plugin AndroidMoviePlayer
LogPluginManager: Mounting plugin AndroidPermission
LogPluginManager: Mounting plugin AppleMoviePlayer
LogPluginManager: Mounting plugin ArchVisCharacter
LogPluginManager: Mounting plugin AudioCapture
LogPluginManager: Mounting plugin CableComponent
LogPluginManager: Mounting plugin CustomMeshComponent
LogPluginManager: Mounting plugin EditableMesh
LogPluginManager: Mounting plugin ExampleDeviceProfileSelector
LogPluginManager: Mounting plugin Firebase
LogPluginManager: Mounting plugin GoogleCloudMessaging
LogPluginManager: Mounting plugin IOSDeviceProfileSelector
LogPluginManager: Mounting plugin LinuxDeviceProfileSelector
LogPluginManager: Mounting plugin LocationServicesBPLibrary
LogPluginManager: Mounting plugin MobilePatchingUtils
LogPluginManager: Mounting plugin OculusVR
LogPluginManager: Mounting plugin PhysXVehicles
LogPluginManager: Mounting plugin ProceduralMeshComponent
LogPluginManager: Mounting plugin RuntimePhysXCooking
LogPluginManager: Mounting plugin SteamVR
LogPluginManager: Mounting plugin WebMMoviePlayer
LogPluginManager: Mounting plugin WindowsMoviePlayer
LogStreaming: Display: Took  0.131s to configure plugins.
LogInit: Using libcurl 7.55.1-DEV
LogInit:  - built for x86_64-pc-win32
LogInit:  - supports SSL with OpenSSL/1.0.2h
LogInit:  - supports HTTP deflate (compression) using libz 1.2.8
LogInit:  - other features:
LogInit:      CURL_VERSION_SSL
LogInit:      CURL_VERSION_LIBZ
LogInit:      CURL_VERSION_IPV6
LogInit:      CURL_VERSION_ASYNCHDNS
LogInit:      CURL_VERSION_LARGEFILE
LogInit:      CURL_VERSION_IDN
LogInit:  CurlRequestOptions (configurable via config and command line):
LogInit:  - bVerifyPeer = true  - Libcurl will verify peer certificate
LogInit:  - bUseHttpProxy = false  - Libcurl will NOT use HTTP proxy
LogInit:  - bDontReuseConnections = false  - Libcurl will reuse connections
LogInit:  - MaxHostConnections = 16  - Libcurl will limit the number of connections to a host
LogInit:  - LocalHostAddr = Default
LogInit:  - BufferSize = 65536
LogInit: WinSock: version 1.1 (2.2), MaxSocks=32767, MaxUdp=65467
LogInit: Build: ++UE4+Release-4.21-CL-4613538
LogInit: Engine Version: 4.21.1-4613538+++UE4+Release-4.21
LogInit: Compatible Engine Version: 4.21.0-4541578+++UE4+Release-4.21
LogInit: Net CL: 4541578
LogInit: OS: Windows 8.1 (), CPU: Intel(R) Core(TM) i7-4870HQ CPU @ 2.50GHz, GPU: NVIDIA GeForce GT 750M   
LogInit: Compiled (64-bit): Nov 30 2018 04:13:25
LogInit: Compiled with Visual C++: 19.13.26129.00
LogInit: Build Configuration: Development
LogInit: Branch Name: ++UE4+Release-4.21
LogInit: Command Line:  -skipcompile
LogInit: Base Directory: C:/Program Files/Epic Games/UE_4.21/Engine/Binaries/Win64/
LogInit: Installed Engine Build: 1
LogDevObjectVersion: Number of dev versions registered: 22
LogDevObjectVersion:   Dev-Blueprints (B0D832E4-1F89-4F0D-ACCF-7EB736FD4AA2): 10
LogDevObjectVersion:   Dev-Build (E1C64328-A22C-4D53-A36C-8E866417BD8C): 0
LogDevObjectVersion:   Dev-Core (375EC13C-06E4-48FB-B500-84F0262A717E): 2
LogDevObjectVersion:   Dev-Editor (E4B068ED-F494-42E9-A231-DA0B2E46BB41): 26
LogDevObjectVersion:   Dev-Framework (CFFC743F-43B0-4480-9391-14DF171D2073): 34
LogDevObjectVersion:   Dev-Mobile (B02B49B5-BB20-44E9-A304-32B752E40360): 2
LogDevObjectVersion:   Dev-Networking (A4E4105C-59A1-49B5-A7C5-40C4547EDFEE): 0
LogDevObjectVersion:   Dev-Online (39C831C9-5AE6-47DC-9A44-9C173E1C8E7C): 0
LogDevObjectVersion:   Dev-Physics (78F01B33-EBEA-4F98-B9B4-84EACCB95AA2): 0
LogDevObjectVersion:   Dev-Platform (6631380F-2D4D-43E0-8009-CF276956A95A): 0
LogDevObjectVersion:   Dev-Rendering (12F88B9F-8875-4AFC-A67C-D90C383ABD29): 27
LogDevObjectVersion:   Dev-Sequencer (7B5AE74C-D270-4C10-A958-57980B212A5A): 9
LogDevObjectVersion:   Dev-VR (D7296918-1DD6-4BDD-9DE2-64A83CC13884): 2
LogDevObjectVersion:   Dev-LoadTimes (C2A15278-BFE7-4AFE-6C17-90FF531DF755): 1
LogDevObjectVersion:   Private-Geometry (6EACA3D4-40EC-4CC1-B786-8BED09428FC5): 3
LogDevObjectVersion:   Dev-AnimPhys (29E575DD-E0A3-4627-9D10-D276232CDCEA): 17
LogDevObjectVersion:   Dev-Anim (AF43A65D-7FD3-4947-9873-3E8ED9C1BB05): 2
LogDevObjectVersion:   Dev-ReflectionCapture (6B266CEC-1EC7-4B8F-A30B-E4D90942FC07): 1
LogDevObjectVersion:   Dev-Automation (0DF73D61-A23F-47EA-B727-89E90C41499A): 1
LogDevObjectVersion:   FortniteMain (601D1886-AC64-4F84-AA16-D3DE0DEAC7D6): 17
LogDevObjectVersion:   Dev-Enterprise (9DFFBCD6-494F-0158-E221-12823C92A888): 4
LogDevObjectVersion:   Dev-Niagara (F2AED0AC-9AFE-416F-8664-AA7FFA26D6FC): 1
LogStreaming: Display: Took  0.002s to delete old logs.
LogInit: Presizing for max 8388607 objects, including 0 objects not considered by GC, pre-allocating 0 bytes for permanent pool.
LogInit: Object subsystem initialized
LogConfig: Setting CVar [[con.DebugEarlyDefault:1]]
LogConfig: Setting CVar [[r.setres:1280x720]]
[2019.01.14-01.57.35:078][  0]LogConfig: Setting CVar [[r.VSync:0]]
[2019.01.14-01.57.35:078][  0]LogConfig: Setting CVar [[r.RHICmdBypass:0]]
[2019.01.14-01.57.35:079][  0]LogConfig: Applying CVar settings from Section [/Script/Engine.RendererSettings] File [C:/Users/David Schriemer/Desktop/StealthGame 4.21/Saved/Config/Windows/Engine.ini]
[2019.01.14-01.57.35:079][  0]LogConfig: Setting CVar [[r.GPUCrashDebugging:0]]
[2019.01.14-01.57.35:079][  0]LogConfig: Applying CVar settings from Section [/Script/Engine.RendererOverrideSettings] File [C:/Users/David Schriemer/Desktop/StealthGame 4.21/Saved/Config/Windows/Engine.ini]
[2019.01.14-01.57.35:079][  0]LogConfig: Applying CVar settings from Section [/Script/Engine.StreamingSettings] File [C:/Users/David Schriemer/Desktop/StealthGame 4.21/Saved/Config/Windows/Engine.ini]
[2019.01.14-01.57.35:079][  0]LogConfig: Setting CVar [[s.MinBulkDataSizeForAsyncLoading:131072]]
[2019.01.14-01.57.35:079][  0]LogConfig: Setting CVar [[s.AsyncLoadingThreadEnabled:0]]
[2019.01.14-01.57.35:079][  0]LogConfig: Setting CVar [[s.EventDrivenLoaderEnabled:1]]
[2019.01.14-01.57.35:079][  0]LogConfig: Setting CVar [[s.WarnIfTimeLimitExceeded:0]]
[2019.01.14-01.57.35:079][  0]LogConfig: Setting CVar [[s.TimeLimitExceededMultiplier:1.5]]
[2019.01.14-01.57.35:079][  0]LogConfig: Setting CVar [[s.TimeLimitExceededMinTime:0.005]]
[2019.01.14-01.57.35:079][  0]LogConfig: Setting CVar [[s.UseBackgroundLevelStreaming:1]]
[2019.01.14-01.57.35:079][  0]LogConfig: Setting CVar [[s.PriorityAsyncLoadingExtraTime:15.0]]
[2019.01.14-01.57.35:079][  0]LogConfig: Setting CVar [[s.LevelStreamingActorsUpdateTimeLimit:5.0]]
[2019.01.14-01.57.35:080][  0]LogConfig: Setting CVar [[s.PriorityLevelStreamingActorsUpdateExtraTime:5.0]]
[2019.01.14-01.57.35:080][  0]LogConfig: Setting CVar [[s.LevelStreamingComponentsRegistrationGranularity:10]]
[2019.01.14-01.57.35:080][  0]LogConfig: Setting CVar [[s.UnregisterComponentsTimeLimit:1.0]]
[2019.01.14-01.57.35:080][  0]LogConfig: Setting CVar [[s.LevelStreamingComponentsUnregistrationGranularity:5]]
[2019.01.14-01.57.35:080][  0]LogConfig: Applying CVar settings from Section [/Script/Engine.GarbageCollectionSettings] File [C:/Users/David Schriemer/Desktop/StealthGame 4.21/Saved/Config/Windows/Engine.ini]
[2019.01.14-01.57.35:080][  0]LogConfig: Setting CVar [[gc.MaxObjectsNotConsideredByGC:1]]
[2019.01.14-01.57.35:080][  0]LogConfig: Setting CVar [[gc.SizeOfPermanentObjectPool:0]]
[2019.01.14-01.57.35:080][  0]LogConfig: Setting CVar [[gc.FlushStreamingOnGC:0]]
[2019.01.14-01.57.35:080][  0]LogConfig: Setting CVar [[gc.NumRetriesBeforeForcingGC:10]]
[2019.01.14-01.57.35:080][  0]LogConfig: Setting CVar [[gc.AllowParallelGC:1]]
[2019.01.14-01.57.35:080][  0]LogConfig: Setting CVar [[gc.TimeBetweenPurgingPendingKillObjects:61.1]]
[2019.01.14-01.57.35:080][  0]LogConfig: Setting CVar [[gc.MaxObjectsInEditor:8388607]]
[2019.01.14-01.57.35:080][  0]LogConfig: Setting CVar [[gc.IncrementalBeginDestroyEnabled:1]]
[2019.01.14-01.57.35:080][  0]LogConfig: Setting CVar [[gc.CreateGCClusters:1]]
[2019.01.14-01.57.35:080][  0]LogConfig: Setting CVar [[gc.MergeGCClusters:0]]
[2019.01.14-01.57.35:080][  0]LogConfig: Setting CVar [[gc.MinGCClusterSize:5]]
[2019.01.14-01.57.35:081][  0]LogConfig: Setting CVar [[gc.ActorClusteringEnabled:0]]
[2019.01.14-01.57.35:081][  0]LogConfig: Setting CVar [[gc.BlueprintClusteringEnabled:0]]
[2019.01.14-01.57.35:081][  0]LogConfig: Setting CVar [[gc.UseDisregardForGCOnDedicatedServers:0]]
[2019.01.14-01.57.35:081][  0]LogConfig: Applying CVar settings from Section [/Script/Engine.NetworkSettings] File [C:/Users/David Schriemer/Desktop/StealthGame 4.21/Saved/Config/Windows/Engine.ini]
[2019.01.14-01.57.35:081][  0]LogConfig: Applying CVar settings from Section [/Script/UnrealEd.CookerSettings] File [C:/Users/David Schriemer/Desktop/StealthGame 4.21/Saved/Config/Windows/Engine.ini]
[2019.01.14-01.57.35:097][  0]LogConfig: Applying CVar settings from Section [ViewDistanceQuality@3] File [C:/Users/David Schriemer/Desktop/StealthGame 4.21/Saved/Config/Windows/Scalability.ini]
[2019.01.14-01.57.35:097][  0]LogConfig: Setting CVar [[r.SkeletalMeshLODBias:0]]
[2019.01.14-01.57.35:097][  0]LogConfig: Setting CVar [[r.ViewDistanceScale:1.0]]
[2019.01.14-01.57.35:097][  0]LogConfig: Applying CVar settings from Section [AntiAliasingQuality@3] File [C:/Users/David Schriemer/Desktop/StealthGame 4.21/Saved/Config/Windows/Scalability.ini]
[2019.01.14-01.57.35:097][  0]LogConfig: Setting CVar [[r.PostProcessAAQuality:4]]
[2019.01.14-01.57.35:097][  0]LogConfig: Applying CVar settings from Section [ShadowQuality@3] File [C:/Users/David Schriemer/Desktop/StealthGame 4.21/Saved/Config/Windows/Scalability.ini]
[2019.01.14-01.57.35:097][  0]LogConfig: Setting CVar [[r.LightFunctionQuality:1]]
[2019.01.14-01.57.35:097][  0]LogConfig: Setting CVar [[r.ShadowQuality:5]]
[2019.01.14-01.57.35:097][  0]LogConfig: Setting CVar [[r.Shadow.CSM.MaxCascades:10]]
[2019.01.14-01.57.35:097][  0]LogConfig: Setting CVar [[r.Shadow.MaxResolution:2048]]
[2019.01.14-01.57.35:097][  0]LogConfig: Setting CVar [[r.Shadow.MaxCSMResolution:2048]]
[2019.01.14-01.57.35:097][  0]LogConfig: Setting CVar [[r.Shadow.RadiusThreshold:0.01]]
[2019.01.14-01.57.35:097][  0]LogConfig: Setting CVar [[r.Shadow.DistanceScale:1.0]]
[2019.01.14-01.57.35:097][  0]LogConfig: Setting CVar [[r.Shadow.CSM.TransitionScale:1.0]]
[2019.01.14-01.57.35:097][  0]LogConfig: Setting CVar [[r.Shadow.PreShadowResolutionFactor:1.0]]
[2019.01.14-01.57.35:098][  0]LogConfig: Setting CVar [[r.DistanceFieldShadowing:1]]
[2019.01.14-01.57.35:098][  0]LogConfig: Setting CVar [[r.DistanceFieldAO:1]]
[2019.01.14-01.57.35:098][  0]LogConfig: Setting CVar [[r.AOQuality:2]]
[2019.01.14-01.57.35:098][  0]LogConfig: Setting CVar [[r.VolumetricFog:1]]
[2019.01.14-01.57.35:098][  0]LogConfig: Setting CVar [[r.VolumetricFog.GridPixelSize:8]]
[2019.01.14-01.57.35:098][  0]LogConfig: Setting CVar [[r.VolumetricFog.GridSizeZ:128]]
[2019.01.14-01.57.35:098][  0]LogConfig: Setting CVar [[r.VolumetricFog.HistoryMissSupersampleCount:4]]
[2019.01.14-01.57.35:098][  0]LogConfig: Setting CVar [[r.LightMaxDrawDistanceScale:1]]
[2019.01.14-01.57.35:098][  0]LogConfig: Setting CVar [[r.CapsuleShadows:1]]
[2019.01.14-01.57.35:098][  0]LogConfig: Applying CVar settings from Section [PostProcessQuality@3] File [C:/Users/David Schriemer/Desktop/StealthGame 4.21/Saved/Config/Windows/Scalability.ini]
[2019.01.14-01.57.35:098][  0]LogConfig: Setting CVar [[r.MotionBlurQuality:4]]
[2019.01.14-01.57.35:098][  0]LogConfig: Setting CVar [[r.AmbientOcclusionMipLevelFactor:0.4]]
[2019.01.14-01.57.35:098][  0]LogConfig: Setting CVar [[r.AmbientOcclusionMaxQuality:100]]
[2019.01.14-01.57.35:098][  0]LogConfig: Setting CVar [[r.AmbientOcclusionLevels:-1]]
[2019.01.14-01.57.35:098][  0]LogConfig: Setting CVar [[r.AmbientOcclusionRadiusScale:1.0]]
[2019.01.14-01.57.35:099][  0]LogConfig: Setting CVar [[r.DepthOfFieldQuality:2]]
[2019.01.14-01.57.35:099][  0]LogConfig: Setting CVar [[r.RenderTargetPoolMin:400]]
[2019.01.14-01.57.35:099][  0]LogConfig: Setting CVar [[r.LensFlareQuality:2]]
[2019.01.14-01.57.35:099][  0]LogConfig: Setting CVar [[r.SceneColorFringeQuality:1]]
[2019.01.14-01.57.35:099][  0]LogConfig: Setting CVar [[r.EyeAdaptationQuality:2]]
[2019.01.14-01.57.35:099][  0]LogConfig: Setting CVar [[r.BloomQuality:5]]
[2019.01.14-01.57.35:099][  0]LogConfig: Setting CVar [[r.FastBlurThreshold:100]]
[2019.01.14-01.57.35:099][  0]LogConfig: Setting CVar [[r.Upscale.Quality:3]]
[2019.01.14-01.57.35:099][  0]LogConfig: Setting CVar [[r.Tonemapper.GrainQuantization:1]]
[2019.01.14-01.57.35:099][  0]LogConfig: Setting CVar [[r.LightShaftQuality:1]]
[2019.01.14-01.57.35:099][  0]LogConfig: Setting CVar [[r.Filter.SizeScale:1]]
[2019.01.14-01.57.35:099][  0]LogConfig: Setting CVar [[r.Tonemapper.Quality:5]]
[2019.01.14-01.57.35:099][  0]LogConfig: Setting CVar [[r.DOF.Gather.AccumulatorQuality:1        ; higher gathering accumulator quality]]
[2019.01.14-01.57.35:099][  0]LogConfig: Setting CVar [[r.DOF.Gather.PostfilterMethod:1          ; Median3x3 postfilering method]]
[2019.01.14-01.57.35:100][  0]LogConfig: Setting CVar [[r.DOF.Gather.EnableBokehSettings:0       ; no bokeh simulation when gathering]]
[2019.01.14-01.57.35:100][  0]LogConfig: Setting CVar [[r.DOF.Gather.RingCount:4                 ; medium number of samples when gathering]]
[2019.01.14-01.57.35:100][  0]LogConfig: Setting CVar [[r.DOF.Scatter.ForegroundCompositing:1    ; additive foreground scattering]]
[2019.01.14-01.57.35:100][  0]LogConfig: Setting CVar [[r.DOF.Scatter.BackgroundCompositing:2    ; additive background scattering]]
[2019.01.14-01.57.35:100][  0]LogConfig: Setting CVar [[r.DOF.Scatter.EnableBokehSettings:1      ; bokeh simulation when scattering]]
[2019.01.14-01.57.35:100][  0]LogConfig: Setting CVar [[r.DOF.Scatter.MaxSpriteRatio:0.1         ; only a maximum of 10% of scattered bokeh]]
[2019.01.14-01.57.35:100][  0]LogConfig: Setting CVar [[r.DOF.Recombine.Quality:1                ; cheap slight out of focus]]
[2019.01.14-01.57.35:100][  0]LogConfig: Setting CVar [[r.DOF.Recombine.EnableBokehSettings:0    ; no bokeh simulation on slight out of focus]]
[2019.01.14-01.57.35:100][  0]LogConfig: Setting CVar [[r.DOF.TemporalAAQuality:1                ; more stable temporal accumulation]]
[2019.01.14-01.57.35:100][  0]LogConfig: Setting CVar [[r.DOF.Kernel.MaxForegroundRadius:0.025]]
[2019.01.14-01.57.35:100][  0]LogConfig: Setting CVar [[r.DOF.Kernel.MaxBackgroundRadius:0.025]]
[2019.01.14-01.57.35:100][  0]LogConfig: Applying CVar settings from Section [TextureQuality@3] File [C:/Users/David Schriemer/Desktop/StealthGame 4.21/Saved/Config/Windows/Scalability.ini]
[2019.01.14-01.57.35:100][  0]LogConfig: Setting CVar [[r.Streaming.MipBias:0]]
[2019.01.14-01.57.35:100][  0]LogConfig: Setting CVar [[r.Streaming.AmortizeCPUToGPUCopy:0]]
[2019.01.14-01.57.35:101][  0]LogConfig: Setting CVar [[r.Streaming.MaxNumTexturesToStreamPerFrame:0]]
[2019.01.14-01.57.35:101][  0]LogConfig: Setting CVar [[r.Streaming.Boost:1]]
[2019.01.14-01.57.35:101][  0]LogConfig: Setting CVar [[r.MaxAnisotropy:8]]
[2019.01.14-01.57.35:101][  0]LogConfig: Setting CVar [[r.Streaming.LimitPoolSizeToVRAM:0]]
[2019.01.14-01.57.35:101][  0]LogConfig: Setting CVar [[r.Streaming.PoolSize:1000]]
[2019.01.14-01.57.35:101][  0]LogConfig: Setting CVar [[r.Streaming.MaxEffectiveScreenSize:0]]
[2019.01.14-01.57.35:101][  0]LogConfig: Applying CVar settings from Section [EffectsQuality@3] File [C:/Users/David Schriemer/Desktop/StealthGame 4.21/Saved/Config/Windows/Scalability.ini]
[2019.01.14-01.57.35:101][  0]LogConfig: Setting CVar [[r.TranslucencyLightingVolumeDim:64]]
[2019.01.14-01.57.35:101][  0]LogConfig: Setting CVar [[r.RefractionQuality:2]]
[2019.01.14-01.57.35:101][  0]LogConfig: Setting CVar [[r.SSR.Quality:3]]
[2019.01.14-01.57.35:101][  0]LogConfig: Setting CVar [[r.SceneColorFormat:4]]
[2019.01.14-01.57.35:101][  0]LogConfig: Setting CVar [[r.DetailMode:2]]
[2019.01.14-01.57.35:101][  0]LogConfig: Setting CVar [[r.TranslucencyVolumeBlur:1]]
[2019.01.14-01.57.35:101][  0]LogConfig: Setting CVar [[r.MaterialQualityLevel:1 ; High quality]]
[2019.01.14-01.57.35:101][  0]LogConfig: Setting CVar [[r.SSS.Scale:1]]
[2019.01.14-01.57.35:101][  0]LogConfig: Setting CVar [[r.SSS.SampleSet:2]]
[2019.01.14-01.57.35:101][  0]LogConfig: Setting CVar [[r.SSS.Quality:1]]
[2019.01.14-01.57.35:102][  0]LogConfig: Setting CVar [[r.SSS.HalfRes:1]]
[2019.01.14-01.57.35:102][  0]LogConfig: Setting CVar [[r.EmitterSpawnRateScale:1.0]]
[2019.01.14-01.57.35:102][  0]LogConfig: Setting CVar [[r.ParticleLightQuality:2]]
[2019.01.14-01.57.35:102][  0]LogConfig: Applying CVar settings from Section [FoliageQuality@3] File [C:/Users/David Schriemer/Desktop/StealthGame 4.21/Saved/Config/Windows/Scalability.ini]
[2019.01.14-01.57.35:102][  0]LogConfig: Setting CVar [[foliage.DensityScale:1.0]]
[2019.01.14-01.57.35:102][  0]LogConfig: Setting CVar [[grass.DensityScale:1.0]]
[2019.01.14-01.57.35:102][  0]LogInit: Selected Device Profile: [Windows]
[2019.01.14-01.57.35:102][  0]LogInit: Applying CVar settings loaded from the selected device profile: [Windows]
[2019.01.14-01.57.35:125][  0]LogHAL: Display: Platform has ~ 16 GB [17083645952 / 17179869184 / 16], which maps to Larger [LargestMinGB=32, LargerMinGB=12, DefaultMinGB=8, SmallerMinGB=6, SmallestMinGB=0)
[2019.01.14-01.57.35:125][  0]LogConfig: Setting CVar [[r.Vulkan.UseRealUBs:1]]
[2019.01.14-01.57.35:125][  0]LogInit: Going up to parent DeviceProfile []
[2019.01.14-01.57.35:125][  0]LogConfig: Applying CVar settings from Section [ViewDistanceQuality@3] File [C:/Users/David Schriemer/Desktop/StealthGame 4.21/Saved/Config/Windows/Scalability.ini]
[2019.01.14-01.57.35:125][  0]LogConfig: Setting CVar [[r.SkeletalMeshLODBias:0]]
[2019.01.14-01.57.35:125][  0]LogConfig: Setting CVar [[r.ViewDistanceScale:1.0]]
[2019.01.14-01.57.35:125][  0]LogConfig: Applying CVar settings from Section [AntiAliasingQuality@3] File [C:/Users/David Schriemer/Desktop/StealthGame 4.21/Saved/Config/Windows/Scalability.ini]
[2019.01.14-01.57.35:125][  0]LogConfig: Setting CVar [[r.PostProcessAAQuality:4]]
[2019.01.14-01.57.35:125][  0]LogConfig: Applying CVar settings from Section [ShadowQuality@3] File [C:/Users/David Schriemer/Desktop/StealthGame 4.21/Saved/Config/Windows/Scalability.ini]
[2019.01.14-01.57.35:125][  0]LogConfig: Setting CVar [[r.LightFunctionQuality:1]]
[2019.01.14-01.57.35:125][  0]LogConfig: Setting CVar [[r.ShadowQuality:5]]
[2019.01.14-01.57.35:125][  0]LogConfig: Setting CVar [[r.Shadow.CSM.MaxCascades:10]]
[2019.01.14-01.57.35:125][  0]LogConfig: Setting CVar [[r.Shadow.MaxResolution:2048]]
[2019.01.14-01.57.35:126][  0]LogConfig: Setting CVar [[r.Shadow.MaxCSMResolution:2048]]
[2019.01.14-01.57.35:126][  0]LogConfig: Setting CVar [[r.Shadow.RadiusThreshold:0.01]]
[2019.01.14-01.57.35:126][  0]LogConfig: Setting CVar [[r.Shadow.DistanceScale:1.0]]
[2019.01.14-01.57.35:126][  0]LogConfig: Setting CVar [[r.Shadow.CSM.TransitionScale:1.0]]
[2019.01.14-01.57.35:126][  0]LogConfig: Setting CVar [[r.Shadow.PreShadowResolutionFactor:1.0]]
[2019.01.14-01.57.35:126][  0]LogConfig: Setting CVar [[r.DistanceFieldShadowing:1]]
[2019.01.14-01.57.35:126][  0]LogConfig: Setting CVar [[r.DistanceFieldAO:1]]
[2019.01.14-01.57.35:126][  0]LogConfig: Setting CVar [[r.AOQuality:2]]
[2019.01.14-01.57.35:126][  0]LogConfig: Setting CVar [[r.VolumetricFog:1]]
[2019.01.14-01.57.35:126][  0]LogConfig: Setting CVar [[r.VolumetricFog.GridPixelSize:8]]
[2019.01.14-01.57.35:126][  0]LogConfig: Setting CVar [[r.VolumetricFog.GridSizeZ:128]]
[2019.01.14-01.57.35:126][  0]LogConfig: Setting CVar [[r.VolumetricFog.HistoryMissSupersampleCount:4]]
[2019.01.14-01.57.35:126][  0]LogConfig: Setting CVar [[r.LightMaxDrawDistanceScale:1]]
[2019.01.14-01.57.35:126][  0]LogConfig: Setting CVar [[r.CapsuleShadows:1]]
[2019.01.14-01.57.35:126][  0]LogConfig: Applying CVar settings from Section [PostProcessQuality@3] File [C:/Users/David Schriemer/Desktop/StealthGame 4.21/Saved/Config/Windows/Scalability.ini]
[2019.01.14-01.57.35:126][  0]LogConfig: Setting CVar [[r.MotionBlurQuality:4]]
[2019.01.14-01.57.35:127][  0]LogConfig: Setting CVar [[r.AmbientOcclusionMipLevelFactor:0.4]]
[2019.01.14-01.57.35:127][  0]LogConfig: Setting CVar [[r.AmbientOcclusionMaxQuality:100]]
[2019.01.14-01.57.35:127][  0]LogConfig: Setting CVar [[r.AmbientOcclusionLevels:-1]]
[2019.01.14-01.57.35:127][  0]LogConfig: Setting CVar [[r.AmbientOcclusionRadiusScale:1.0]]
[2019.01.14-01.57.35:127][  0]LogConfig: Setting CVar [[r.DepthOfFieldQuality:2]]
[2019.01.14-01.57.35:127][  0]LogConfig: Setting CVar [[r.RenderTargetPoolMin:400]]
[2019.01.14-01.57.35:127][  0]LogConfig: Setting CVar [[r.LensFlareQuality:2]]
[2019.01.14-01.57.35:127][  0]LogConfig: Setting CVar [[r.SceneColorFringeQuality:1]]
[2019.01.14-01.57.35:127][  0]LogConfig: Setting CVar [[r.EyeAdaptationQuality:2]]
[2019.01.14-01.57.35:127][  0]LogConfig: Setting CVar [[r.BloomQuality:5]]
[2019.01.14-01.57.35:127][  0]LogConfig: Setting CVar [[r.FastBlurThreshold:100]]
[2019.01.14-01.57.35:127][  0]LogConfig: Setting CVar [[r.Upscale.Quality:3]]
[2019.01.14-01.57.35:127][  0]LogConfig: Setting CVar [[r.Tonemapper.GrainQuantization:1]]
[2019.01.14-01.57.35:127][  0]LogConfig: Setting CVar [[r.LightShaftQuality:1]]
[2019.01.14-01.57.35:127][  0]LogConfig: Setting CVar [[r.Filter.SizeScale:1]]
[2019.01.14-01.57.35:128][  0]LogConfig: Setting CVar [[r.Tonemapper.Quality:5]]
[2019.01.14-01.57.35:128][  0]LogConfig: Setting CVar [[r.DOF.Gather.AccumulatorQuality:1        ; higher gathering accumulator quality]]
[2019.01.14-01.57.35:128][  0]LogConfig: Setting CVar [[r.DOF.Gather.PostfilterMethod:1          ; Median3x3 postfilering method]]
[2019.01.14-01.57.35:128][  0]LogConfig: Setting CVar [[r.DOF.Gather.EnableBokehSettings:0       ; no bokeh simulation when gathering]]
[2019.01.14-01.57.35:128][  0]LogConfig: Setting CVar [[r.DOF.Gather.RingCount:4                 ; medium number of samples when gathering]]
[2019.01.14-01.57.35:128][  0]LogConfig: Setting CVar [[r.DOF.Scatter.ForegroundCompositing:1    ; additive foreground scattering]]
[2019.01.14-01.57.35:128][  0]LogConfig: Setting CVar [[r.DOF.Scatter.BackgroundCompositing:2    ; additive background scattering]]
[2019.01.14-01.57.35:128][  0]LogConfig: Setting CVar [[r.DOF.Scatter.EnableBokehSettings:1      ; bokeh simulation when scattering]]
[2019.01.14-01.57.35:128][  0]LogConfig: Setting CVar [[r.DOF.Scatter.MaxSpriteRatio:0.1         ; only a maximum of 10% of scattered bokeh]]
[2019.01.14-01.57.35:128][  0]LogConfig: Setting CVar [[r.DOF.Recombine.Quality:1                ; cheap slight out of focus]]
[2019.01.14-01.57.35:128][  0]LogConfig: Setting CVar [[r.DOF.Recombine.EnableBokehSettings:0    ; no bokeh simulation on slight out of focus]]
[2019.01.14-01.57.35:128][  0]LogConfig: Setting CVar [[r.DOF.TemporalAAQuality:1                ; more stable temporal accumulation]]
[2019.01.14-01.57.35:128][  0]LogConfig: Setting CVar [[r.DOF.Kernel.MaxForegroundRadius:0.025]]
[2019.01.14-01.57.35:128][  0]LogConfig: Setting CVar [[r.DOF.Kernel.MaxBackgroundRadius:0.025]]
[2019.01.14-01.57.35:128][  0]LogConfig: Applying CVar settings from Section [TextureQuality@3] File [C:/Users/David Schriemer/Desktop/StealthGame 4.21/Saved/Config/Windows/Scalability.ini]
[2019.01.14-01.57.35:128][  0]LogConfig: Setting CVar [[r.Streaming.MipBias:0]]
[2019.01.14-01.57.35:128][  0]LogConfig: Setting CVar [[r.Streaming.AmortizeCPUToGPUCopy:0]]
[2019.01.14-01.57.35:129][  0]LogConfig: Setting CVar [[r.Streaming.MaxNumTexturesToStreamPerFrame:0]]
[2019.01.14-01.57.35:129][  0]LogConfig: Setting CVar [[r.Streaming.Boost:1]]
[2019.01.14-01.57.35:129][  0]LogConfig: Setting CVar [[r.MaxAnisotropy:8]]
[2019.01.14-01.57.35:129][  0]LogConfig: Setting CVar [[r.Streaming.LimitPoolSizeToVRAM:0]]
[2019.01.14-01.57.35:129][  0]LogConfig: Setting CVar [[r.Streaming.PoolSize:1000]]
[2019.01.14-01.57.35:129][  0]LogConfig: Setting CVar [[r.Streaming.MaxEffectiveScreenSize:0]]
[2019.01.14-01.57.35:129][  0]LogConfig: Applying CVar settings from Section [EffectsQuality@3] File [C:/Users/David Schriemer/Desktop/StealthGame 4.21/Saved/Config/Windows/Scalability.ini]
[2019.01.14-01.57.35:129][  0]LogConfig: Setting CVar [[r.TranslucencyLightingVolumeDim:64]]
[2019.01.14-01.57.35:129][  0]LogConfig: Setting CVar [[r.RefractionQuality:2]]
[2019.01.14-01.57.35:129][  0]LogConfig: Setting CVar [[r.SSR.Quality:3]]
[2019.01.14-01.57.35:129][  0]LogConfig: Setting CVar [[r.SceneColorFormat:4]]
[2019.01.14-01.57.35:129][  0]LogConfig: Setting CVar [[r.DetailMode:2]]
[2019.01.14-01.57.35:129][  0]LogConfig: Setting CVar [[r.TranslucencyVolumeBlur:1]]
[2019.01.14-01.57.35:129][  0]LogConfig: Setting CVar [[r.MaterialQualityLevel:1 ; High quality]]
[2019.01.14-01.57.35:129][  0]LogConfig: Setting CVar [[r.SSS.Scale:1]]
[2019.01.14-01.57.35:129][  0]LogConfig: Setting CVar [[r.SSS.SampleSet:2]]
[2019.01.14-01.57.35:130][  0]LogConfig: Setting CVar [[r.SSS.Quality:1]]
[2019.01.14-01.57.35:130][  0]LogConfig: Setting CVar [[r.SSS.HalfRes:1]]
[2019.01.14-01.57.35:130][  0]LogConfig: Setting CVar [[r.EmitterSpawnRateScale:1.0]]
[2019.01.14-01.57.35:130][  0]LogConfig: Setting CVar [[r.ParticleLightQuality:2]]
[2019.01.14-01.57.35:130][  0]LogConfig: Applying CVar settings from Section [FoliageQuality@3] File [C:/Users/David Schriemer/Desktop/StealthGame 4.21/Saved/Config/Windows/Scalability.ini]
[2019.01.14-01.57.35:130][  0]LogConfig: Setting CVar [[foliage.DensityScale:1.0]]
[2019.01.14-01.57.35:130][  0]LogConfig: Setting CVar [[grass.DensityScale:1.0]]
[2019.01.14-01.57.35:130][  0]LogConfig: Applying CVar settings from Section [Startup] File [../../../Engine/Config/ConsoleVariables.ini]
[2019.01.14-01.57.35:130][  0]LogConfig: Setting CVar [[net.UseAdaptiveNetUpdateFrequency:0]]
[2019.01.14-01.57.35:130][  0]LogConfig: Applying CVar settings from Section [ConsoleVariables] File [C:/Users/David Schriemer/Desktop/StealthGame 4.21/Saved/Config/Windows/Engine.ini]
[2019.01.14-01.57.35:130][  0]LogInit: Computer: SCHRIEMER-PC
[2019.01.14-01.57.35:130][  0]LogInit: User: DavidSchriemer
[2019.01.14-01.57.35:131][  0]LogInit: CPU Page size=4096, Cores=4
[2019.01.14-01.57.35:131][  0]LogInit: High frequency timer resolution =2.435779 MHz
[2019.01.14-01.57.35:131][  0]LogMemory: Memory total: Physical=15.9GB (16GB approx)
[2019.01.14-01.57.35:131][  0]LogMemory: Platform Memory Stats for Windows
[2019.01.14-01.57.35:131][  0]LogMemory: Process Physical Memory: 99.80 MB used, 99.80 MB peak
[2019.01.14-01.57.35:131][  0]LogMemory: Process Virtual Memory: 91.08 MB used, 91.08 MB peak
[2019.01.14-01.57.35:131][  0]LogMemory: Physical Memory: 8484.79 MB used,  7807.45 MB free, 16292.23 MB total
[2019.01.14-01.57.35:131][  0]LogMemory: Virtual Memory: 502.88 MB used,  134217224.00 MB free, 134217728.00 MB total
[2019.01.14-01.57.35:443][  0]LogInit: Using OS detected language (en-US).
[2019.01.14-01.57.35:443][  0]LogInit: Using OS detected locale (en-US).
[2019.01.14-01.57.35:443][  0]LogTextLocalizationManager: No specific localization for 'en-US' exists, so the 'en' localization will be used.
[2019.01.14-01.57.35:926][  0]LogStreaming: Display: Took  0.484s to InitEngineTextLocalization.
[2019.01.14-01.57.35:927][  0]LogInit: Setting process to per monitor DPI aware
[2019.01.14-01.57.36:061][  0]LogSlate: New Slate User Created.  User Index 0, Is Virtual User: 0
[2019.01.14-01.57.36:061][  0]LogSlate: Slate User Registered.  User Index 0, Is Virtual User: 0
[2019.01.14-01.57.38:363][  0]LogHMD: Failed to initialize OpenVR with code 110
[2019.01.14-01.57.38:363][  0]LogD3D11RHI: D3D11 adapters:
[2019.01.14-01.57.38:400][  0]LogD3D11RHI:    0. 'NVIDIA GeForce GT 750M   ' (Feature Level 11_0)
[2019.01.14-01.57.38:400][  0]LogD3D11RHI:       1987/0/2048 MB DedicatedVideo/DedicatedSystem/SharedSystem, Outputs:2, VendorId:0x10de
[2019.01.14-01.57.38:416][  0]LogD3D11RHI:    1. 'Microsoft Basic Render Driver' (Feature Level 11_0)
[2019.01.14-01.57.38:416][  0]LogD3D11RHI:       0/0/256 MB DedicatedVideo/DedicatedSystem/SharedSystem, Outputs:0, VendorId:0x1414
[2019.01.14-01.57.38:416][  0]LogD3D11RHI: Chosen D3D11 Adapter: 0
[2019.01.14-01.57.38:425][  0]LogD3D11RHI: Creating new Direct3DDevice
[2019.01.14-01.57.38:425][  0]LogD3D11RHI:     GPU DeviceId: 0xfe9 (for the marketing name, search the web for "GPU Device Id")
[2019.01.14-01.57.38:425][  0]LogWindows: EnumDisplayDevices:
[2019.01.14-01.57.38:425][  0]LogWindows:    0. 'NVIDIA GeForce GT 750M   ' (P:1 D:1)
[2019.01.14-01.57.38:425][  0]LogWindows:    1. 'NVIDIA GeForce GT 750M   ' (P:0 D:1)
[2019.01.14-01.57.38:426][  0]LogWindows:    2. 'NVIDIA GeForce GT 750M   ' (P:0 D:0)
[2019.01.14-01.57.38:426][  0]LogWindows:    3. 'NVIDIA GeForce GT 750M   ' (P:0 D:0)
[2019.01.14-01.57.38:426][  0]LogWindows: DebugString: FoundDriverCount:4 
[2019.01.14-01.57.38:426][  0]LogD3D11RHI:     Adapter Name: NVIDIA GeForce GT 750M   
[2019.01.14-01.57.38:426][  0]LogD3D11RHI:   Driver Version: 350.12 (internal:9.18.13.5012, unified:350.12)
[2019.01.14-01.57.38:426][  0]LogD3D11RHI:      Driver Date: 4-8-2015
[2019.01.14-01.57.38:427][  0]LogRHI: Texture pool is 1391 MB (70% of 1987 MB)
[2019.01.14-01.57.38:452][  0]LogD3D11RHI: NvAPI_D3D_GetCurrentSLIState failed: 0xfffffff7
[2019.01.14-01.57.38:452][  0]LogD3D11RHI: Async texture creation enabled
[2019.01.14-01.57.38:476][  0]LogD3D11RHI: GPU Timing Frequency: 1000.000000 (Debug: 2 2)
[2019.01.14-01.57.38:798][  0]LogTemp: Display: Loaded TP AllDesktopTargetPlatform
[2019.01.14-01.57.38:814][  0]LogTemp: Display: Loaded TP MacClientTargetPlatform
[2019.01.14-01.57.38:829][  0]LogTemp: Display: Loaded TP MacNoEditorTargetPlatform
[2019.01.14-01.57.38:845][  0]LogTemp: Display: Loaded TP MacServerTargetPlatform
[2019.01.14-01.57.38:865][  0]LogTemp: Display: Loaded TP MacTargetPlatform
[2019.01.14-01.57.38:881][  0]LogTemp: Display: Loaded TP WindowsClientTargetPlatform
[2019.01.14-01.57.38:897][  0]LogTemp: Display: Loaded TP WindowsNoEditorTargetPlatform
[2019.01.14-01.57.38:913][  0]LogTemp: Display: Loaded TP WindowsServerTargetPlatform
[2019.01.14-01.57.38:922][  0]LogTemp: Display: Loaded TP WindowsTargetPlatform
[2019.01.14-01.57.39:009][  0]LogTemp: Display: Loaded TP AndroidTargetPlatform
[2019.01.14-01.57.39:009][  0]LogTemp: Display: Loaded TP AndroidTargetPlatform
[2019.01.14-01.57.39:009][  0]LogTemp: Display: Loaded TP AndroidTargetPlatform
[2019.01.14-01.57.39:009][  0]LogTemp: Display: Loaded TP AndroidTargetPlatform
[2019.01.14-01.57.39:009][  0]LogTemp: Display: Loaded TP AndroidTargetPlatform
[2019.01.14-01.57.39:009][  0]LogTemp: Display: Loaded TP AndroidTargetPlatform
[2019.01.14-01.57.39:009][  0]LogTemp: Display: Loaded TP AndroidTargetPlatform
[2019.01.14-01.57.39:009][  0]LogTemp: Display: Loaded TP AndroidTargetPlatform
[2019.01.14-01.57.39:009][  0]LogTemp: Display: Loaded TP AndroidTargetPlatform
[2019.01.14-01.57.39:009][  0]LogTemp: Display: Loaded TP AndroidTargetPlatform
[2019.01.14-01.57.39:009][  0]LogTemp: Display: Loaded TP AndroidTargetPlatform
[2019.01.14-01.57.39:009][  0]LogTemp: Display: Loaded TP AndroidTargetPlatform
[2019.01.14-01.57.39:009][  0]LogTemp: Display: Loaded TP AndroidTargetPlatform
[2019.01.14-01.57.39:009][  0]LogTemp: Display: Loaded TP AndroidTargetPlatform
[2019.01.14-01.57.39:009][  0]LogTemp: Display: Loaded TP AndroidTargetPlatform
[2019.01.14-01.57.39:010][  0]LogTemp: Display: Loaded TP AndroidTargetPlatform
[2019.01.14-01.57.39:010][  0]LogTemp: Display: Loaded TP AndroidTargetPlatform
[2019.01.14-01.57.39:010][  0]LogTemp: Display: Loaded TP AndroidTargetPlatform
[2019.01.14-01.57.39:013][  0]LogTemp: Display: Loaded TP HTML5TargetPlatform
[2019.01.14-01.57.39:090][  0]LogTemp: Display: Loaded TP IOSTargetPlatform
[2019.01.14-01.57.39:090][  0]LogTemp: Display: Loaded TP IOSTargetPlatform
[2019.01.14-01.57.39:117][  0]LogTemp: Display: Loaded TP TVOSTargetPlatform
[2019.01.14-01.57.39:117][  0]LogTemp: Display: Loaded TP TVOSTargetPlatform
[2019.01.14-01.57.39:131][  0]LogTemp: Display: Loaded TP LinuxClientTargetPlatform
[2019.01.14-01.57.39:146][  0]LogTemp: Display: Loaded TP LinuxNoEditorTargetPlatform
[2019.01.14-01.57.39:161][  0]LogTemp: Display: Loaded TP LinuxServerTargetPlatform
[2019.01.14-01.57.39:183][  0]LogTemp: Display: Loaded TP LinuxTargetPlatform
[2019.01.14-01.57.39:238][  0]LogTemp: Display: Loaded TP LuminTargetPlatform
[2019.01.14-01.57.39:238][  0]LogTemp: Display: Loaded TP LuminTargetPlatform
[2019.01.14-01.57.39:238][  0]LogTargetPlatformManager: Display: Building Assets For Windows
[2019.01.14-01.57.39:409][  0]LogShaderCompilers: Guid format shader working directory is -9 characters bigger than the processId version (../../../../../../Users/David Schriemer/Desktop/StealthGame 4.21/Intermediate/Shaders/WorkingDirectory/11144/).
[2019.01.14-01.57.39:410][  0]LogShaderCompilers: Cleaned the shader compiler working directory 'C:/Users/David Schriemer/AppData/Local/Temp/UnrealShaderWorkingDir/7B8833A349E365349E1547AF838070AD/'.
[2019.01.14-01.57.39:412][  0]LogXGEController: Cleaning working directory: C:/Users/David Schriemer/AppData/Local/Temp/UnrealXGEWorkingDir/
[2019.01.14-01.57.39:413][  0]LogXGEController: Cannot use XGE Controller as Incredibuild is not installed on this machine.
[2019.01.14-01.57.39:413][  0]LogShaderCompilers: Cannot use XGE Shader Compiler as Incredibuild is not installed on this machine.
[2019.01.14-01.57.39:413][  0]LogShaderCompilers: Display: Using Local Shader Compiler.
[2019.01.14-01.57.41:076][  0]LogDerivedDataCache: Display: Max Cache Size: 512 MB
[2019.01.14-01.57.41:194][  0]LogDerivedDataCache: Loaded boot cache 0.12s 73MB C:/Users/David Schriemer/AppData/Local/UnrealEngine/4.21/DerivedDataCache/Boot.ddc.
[2019.01.14-01.57.41:194][  0]LogDerivedDataCache: Display: Loaded Boot cache: C:/Users/David Schriemer/AppData/Local/UnrealEngine/4.21/DerivedDataCache/Boot.ddc
[2019.01.14-01.57.41:195][  0]LogDerivedDataCache: FDerivedDataBackendGraph:  Pak pak cache file ../../../../../../Users/David Schriemer/Desktop/StealthGame 4.21/DerivedDataCache/DDC.ddp not found, will not use a pak cache.
[2019.01.14-01.57.41:195][  0]LogDerivedDataCache: Unable to find inner node Pak for hierarchical cache Hierarchy.
[2019.01.14-01.57.41:195][  0]LogDerivedDataCache: FDerivedDataBackendGraph:  CompressedPak pak cache file ../../../../../../Users/David Schriemer/Desktop/StealthGame 4.21/DerivedDataCache/Compressed.ddp not found, will not use a pak cache.
[2019.01.14-01.57.41:195][  0]LogDerivedDataCache: Unable to find inner node CompressedPak for hierarchical cache Hierarchy.
[2019.01.14-01.57.41:224][  0]LogDerivedDataCache: Display: Pak cache opened for reading ../../../Engine/DerivedDataCache/Compressed.ddp.
[2019.01.14-01.57.41:224][  0]LogDerivedDataCache: FDerivedDataBackendGraph:  EnterprisePak pak cache file ../../../Enterprise/DerivedDataCache/Compressed.ddp not found, will not use a pak cache.
[2019.01.14-01.57.41:224][  0]LogDerivedDataCache: Unable to find inner node EnterprisePak for hierarchical cache Hierarchy.
[2019.01.14-01.57.41:238][  0]LogDerivedDataCache: Using Local data cache path C:/Users/David Schriemer/AppData/Local/UnrealEngine/Common/DerivedDataCache: Writable
[2019.01.14-01.57.41:238][  0]LogDerivedDataCache: Shared data cache path not found in *engine.ini, will not use an Shared cache.
[2019.01.14-01.57.41:238][  0]LogDerivedDataCache: Unable to find inner node Shared for hierarchical cache Hierarchy.
[2019.01.14-01.57.41:263][  0]LogMaterial: Verifying Global Shaders for PCD3D_SM5
[2019.01.14-01.57.41:264][  0]LogSlate: Using FreeType 2.6.0
[2019.01.14-01.57.41:281][  0]LogSlate: SlateFontServices - WITH_FREETYPE: 1, WITH_HARFBUZZ: 1
[2019.01.14-01.57.41:572][  0]LogAssetRegistry: FAssetRegistry took 0.0353 seconds to start up
[2019.01.14-01.57.41:920][  0]LogInit: Selected Device Profile: [Windows]
[2019.01.14-01.57.42:192][  0]LogSimplygon: Simplygon DLL not present - disabling.
[2019.01.14-01.57.42:199][  0]LogMeshReduction: Using SimplygonSwarm for distributed automatic mesh merging
[2019.01.14-01.57.42:199][  0]LogMeshReduction: Using ProxyLODMeshReduction for automatic mesh merging
[2019.01.14-01.57.42:199][  0]LogMeshReduction: Using QuadricMeshReduction for automatic static mesh reduction
[2019.01.14-01.57.42:199][  0]LogMeshReduction: No automatic skeletal mesh reduction module available
[2019.01.14-01.57.42:237][  0]LogNetVersion: FPSGame 1.0.0, NetCL: 4541578, EngineNetVer: 5, GameNetVer: 0 (Checksum: 267577011)
[2019.01.14-01.57.43:420][  0]LogPackageLocalizationCache: Processed 11 localized package path(s) for 2 prioritized culture(s) in 0.117426 seconds
[2019.01.14-01.57.43:426][  0]LogUObjectArray: 39775 objects as part of root set at end of initial load.
[2019.01.14-01.57.43:426][  0]LogUObjectAllocator: 6914656 out of 0 bytes used by permanent object pool.
[2019.01.14-01.57.43:426][  0]LogUObjectArray: CloseDisregardForGC: 0/0 objects in disregard for GC pool
[2019.01.14-01.57.46:559][  0]LogTcpMessaging: Initializing TcpMessaging bridge
[2019.01.14-01.57.46:575][  0]LogUdpMessaging: Initializing bridge on interface 0.0.0.0:0 to multicast group 230.0.0.1:6666.
[2019.01.14-01.57.47:796][  0]SourceControl: Source control is disabled
[2019.01.14-01.57.47:796][  0]SourceControl: Source control is disabled
[2019.01.14-01.57.47:808][  0]SourceControl: Source control is disabled
[2019.01.14-01.57.47:814][  0]SourceControl: Source control is disabled
[2019.01.14-01.57.48:110][  0]LogAndroidPermission: UAndroidPermissionCallbackProxy::GetInstance
[2019.01.14-01.57.48:248][  0]LogOcInput: OculusInput pre-init called
[2019.01.14-01.57.48:432][  0]LogEngine: Initializing Engine...
[2019.01.14-01.57.48:433][  0]LogHMD: Failed to initialize OpenVR with code 110
[2019.01.14-01.57.48:435][  0]LogStats: UGameplayTagsManager::ConstructGameplayTagTree: ImportINI prefixes -  0.000 s
[2019.01.14-01.57.48:435][  0]LogStats: UGameplayTagsManager::ConstructGameplayTagTree: Construct from data asset -  0.000 s
[2019.01.14-01.57.48:435][  0]LogStats: UGameplayTagsManager::ConstructGameplayTagTree: ImportINI -  0.000 s
[2019.01.14-01.57.48:435][  0]LogStats: UGameplayTagsManager::ConstructGameplayTagTree: GameplayTagTreeChangedEvent.Broadcast -  0.000 s
[2019.01.14-01.57.48:906][  0]LogInit: Initializing FReadOnlyCVARCache
[2019.01.14-01.57.49:064][  0]LogAIModule: Creating AISystem for world Untitled
[2019.01.14-01.57.49:086][  0]LogInit: XAudio2 using 'Headphones (Cirrus Logic CS4208 (AB 94))' : 2 channels at 48 kHz using 32 bits per sample (channel mask 0x3)
[2019.01.14-01.57.49:113][  0]LogInit: FAudioDevice initialized.
[2019.01.14-01.57.49:113][  0]LogNetVersion: Set ProjectVersion to 1.0.0.0. Version Checksum will be recalculated on next use.
[2019.01.14-01.57.49:196][  0]LogDerivedDataCache: Saved boot cache 0.08s 73MB C:/Users/David Schriemer/AppData/Local/UnrealEngine/4.21/DerivedDataCache/Boot.ddc.
[2019.01.14-01.57.49:201][  0]LogInit: Texture streaming: Enabled
[2019.01.14-01.57.49:251][  0]LogEngineSessionManager: EngineSessionManager initialized
[2019.01.14-01.57.49:267][  0]LogInit: Transaction tracking system initialized
[2019.01.14-01.57.49:306][  0]BlueprintLog: New page: Editor Load
[2019.01.14-01.57.49:501][  0]LocalizationService: Localization service is disabled
[2019.01.14-01.57.50:269][  0]LogFileCache: Scanning file cache for directory 'C:/Users/David Schriemer/Desktop/StealthGame 4.21/Content/' took 0.02s
[2019.01.14-01.57.50:270][  0]LogCook: Display: Max memory allowance for cook 16384mb min free memory 0mb
[2019.01.14-01.57.50:270][  0]LogCook: Display: Mobile HDR setting 1
[2019.01.14-01.57.50:270][  0]LogGameplayTags: Display: UGameplayTagsManager::DoneAddingNativeTags. DelegateIsBound: 0
[2019.01.14-01.57.50:270][  0]LogStats: UGameplayTagsManager::ConstructGameplayTagTree: ImportINI prefixes -  0.000 s
[2019.01.14-01.57.50:270][  0]LogStats: UGameplayTagsManager::ConstructGameplayTagTree: Construct from data asset -  0.000 s
[2019.01.14-01.57.50:270][  0]LogStats: UGameplayTagsManager::ConstructGameplayTagTree: ImportINI -  0.000 s
[2019.01.14-01.57.50:271][  0]LogStats: UGameplayTagsManager::ConstructGameplayTagTree: GameplayTagTreeChangedEvent.Broadcast -  0.000 s
[2019.01.14-01.57.50:566][  0]SourceControl: Source control is disabled
[2019.01.14-01.57.50:566][  0]Cmd: MAP LOAD FILE="../../../../../../Users/David Schriemer/Desktop/StealthGame 4.21/Content/Maps/FirstPersonExampleMap.umap" TEMPLATE=0 SHOWPROGRESS=1 FEATURELEVEL=3
[2019.01.14-01.57.50:568][  0]LightingResults: New page: Lighting Build
[2019.01.14-01.57.50:571][  0]MapCheck: New page: Map Check
[2019.01.14-01.57.50:571][  0]LightingResults: New page: Lighting Build
[2019.01.14-01.57.51:102][  0]LogAIModule: Creating AISystem for world FirstPersonExampleMap
[2019.01.14-01.57.51:118][  0]LogEditorServer: Finished looking for orphan Actors (0.000 secs)
[2019.01.14-01.57.51:139][  0]Cmd: MAP CHECKDEP NOCLEARLOG
[2019.01.14-01.57.51:139][  0]MapCheck: Map check complete: 0 Error(s), 0 Warning(s), took 0.132ms to complete.
[2019.01.14-01.57.51:139][  0]LogFileHelpers: Loading map 'FirstPersonExampleMap' took 0.573
[2019.01.14-01.57.51:306][  0]LogSlate: Updating window title bar state: overlay mode, drag disabled, window buttons hidden, title bar hidden
[2019.01.14-01.57.51:313][  0]LogSlate: Updating window title bar state: overlay mode, drag disabled, window buttons hidden, title bar hidden
[2019.01.14-01.57.51:320][  0]LogSlate: Updating window title bar state: overlay mode, drag disabled, window buttons hidden, title bar hidden
[2019.01.14-01.57.51:328][  0]LogSlate: Updating window title bar state: overlay mode, drag disabled, window buttons hidden, title bar hidden
[2019.01.14-01.57.51:342][  0]LogCollectionManager: Loaded 0 collections in 0.002417 seconds
[2019.01.14-01.57.51:389][  0]LogFileCache: Scanning file cache for directory 'C:/Users/David Schriemer/Desktop/StealthGame 4.21/Saved/Collections/' took 0.01s
[2019.01.14-01.57.51:390][  0]LogFileCache: Scanning file cache for directory 'C:/Users/David Schriemer/Desktop/StealthGame 4.21/Content/Developers/DavidSchriemer/Collections/' took 0.01s
[2019.01.14-01.57.51:390][  0]LogFileCache: Scanning file cache for directory 'C:/Users/David Schriemer/Desktop/StealthGame 4.21/Content/Collections/' took 0.01s
[2019.01.14-01.57.51:390][  0]LogCollectionManager: Rebuilt the GUID cache for 0 collections in 0.000000 seconds
[2019.01.14-01.57.51:400][  0]LogContentBrowser: Native class hierarchy populated in 0.0090 seconds. Added 2657 classes and 623 folders.
[2019.01.14-01.57.51:409][  0]LogContentBrowser: Native class hierarchy updated for 'WidgetCarousel' in 0.0003 seconds. Added 0 classes and 0 folders.
[2019.01.14-01.57.51:416][  0]LogPakFile: Registered encryption key '00000000000000000000000000000000': 0 pak files mounted, 0 remain pending
[2019.01.14-01.57.51:423][  0]LogPakFile: Registered encryption key '00000000000000000000000000000000': 0 pak files mounted, 0 remain pending
[2019.01.14-01.57.51:448][  0]LogPakFile: Registered encryption key '00000000000000000000000000000000': 0 pak files mounted, 0 remain pending
[2019.01.14-01.57.51:453][  0]LogPakFile: Registered encryption key '00000000000000000000000000000000': 0 pak files mounted, 0 remain pending
[2019.01.14-01.57.51:459][  0]LogPakFile: Registered encryption key '00000000000000000000000000000000': 0 pak files mounted, 0 remain pending
[2019.01.14-01.57.51:464][  0]LogPakFile: Registered encryption key '00000000000000000000000000000000': 0 pak files mounted, 0 remain pending
[2019.01.14-01.57.51:468][  0]LogPakFile: Registered encryption key '00000000000000000000000000000000': 0 pak files mounted, 0 remain pending
[2019.01.14-01.57.51:473][  0]LogPakFile: Registered encryption key '00000000000000000000000000000000': 0 pak files mounted, 0 remain pending
[2019.01.14-01.57.51:478][  0]LogPakFile: Registered encryption key '00000000000000000000000000000000': 0 pak files mounted, 0 remain pending
[2019.01.14-01.57.51:484][  0]LogPakFile: Registered encryption key '00000000000000000000000000000000': 0 pak files mounted, 0 remain pending
[2019.01.14-01.57.51:490][  0]LogPakFile: Registered encryption key '00000000000000000000000000000000': 0 pak files mounted, 0 remain pending
[2019.01.14-01.57.51:494][  0]LogPakFile: Registered encryption key '00000000000000000000000000000000': 0 pak files mounted, 0 remain pending
[2019.01.14-01.57.51:499][  0]LogPakFile: Registered encryption key '00000000000000000000000000000000': 0 pak files mounted, 0 remain pending
[2019.01.14-01.57.51:503][  0]LogPakFile: Registered encryption key '00000000000000000000000000000000': 0 pak files mounted, 0 remain pending
[2019.01.14-01.57.51:508][  0]LogPakFile: Registered encryption key '00000000000000000000000000000000': 0 pak files mounted, 0 remain pending
[2019.01.14-01.57.51:513][  0]LogPakFile: Registered encryption key '00000000000000000000000000000000': 0 pak files mounted, 0 remain pending
[2019.01.14-01.57.51:547][  0]LogPakFile: Registered encryption key '00000000000000000000000000000000': 0 pak files mounted, 0 remain pending
[2019.01.14-01.57.51:552][  0]LogPakFile: Registered encryption key '00000000000000000000000000000000': 0 pak files mounted, 0 remain pending
[2019.01.14-01.57.51:558][  0]LogPakFile: Registered encryption key '00000000000000000000000000000000': 0 pak files mounted, 0 remain pending
[2019.01.14-01.57.51:563][  0]LogPakFile: Registered encryption key '00000000000000000000000000000000': 0 pak files mounted, 0 remain pending
[2019.01.14-01.57.51:609][  0]LogPakFile: Registered encryption key '00000000000000000000000000000000': 0 pak files mounted, 0 remain pending
[2019.01.14-01.57.51:614][  0]LogPakFile: Registered encryption key '00000000000000000000000000000000': 0 pak files mounted, 0 remain pending
[2019.01.14-01.57.51:620][  0]LogPakFile: Registered encryption key '00000000000000000000000000000000': 0 pak files mounted, 0 remain pending
[2019.01.14-01.57.51:625][  0]LogPakFile: Registered encryption key '00000000000000000000000000000000': 0 pak files mounted, 0 remain pending
[2019.01.14-01.57.51:630][  0]LogPakFile: Registered encryption key '00000000000000000000000000000000': 0 pak files mounted, 0 remain pending
[2019.01.14-01.57.51:635][  0]LogPakFile: Registered encryption key '00000000000000000000000000000000': 0 pak files mounted, 0 remain pending
[2019.01.14-01.57.51:755][  0]LogContentBrowser: Native class hierarchy updated for 'AddContentDialog' in 0.0005 seconds. Added 0 classes and 0 folders.
[2019.01.14-01.57.51:771][  0]LogContentBrowser: Native class hierarchy updated for 'SceneOutliner' in 0.0004 seconds. Added 1 classes and 2 folders.
[2019.01.14-01.57.51:861][  0]LogSlate: Took 0.004076 seconds to synchronously load lazily loaded font '../../../Engine/Content/Slate/Fonts/Roboto-Regular.ttf' (155K)
[2019.01.14-01.57.51:867][  0]LogSlate: Took 0.003988 seconds to synchronously load lazily loaded font '../../../Engine/Content/Slate/Fonts/Roboto-Bold.ttf' (160K)
[2019.01.14-01.57.51:883][  0]LogSlate: Took 0.004225 seconds to synchronously load lazily loaded font '../../../Engine/Content/Editor/Slate/Fonts/FontAwesome.ttf' (139K)
[2019.01.14-01.57.52:017][  0]LogRenderer: Reallocating scene render targets to support 1208x600 Format 10 NumSamples 1 (Frame:1).
[2019.01.14-01.57.52:311][  0]LogContentBrowser: Native class hierarchy updated for 'HierarchicalLODOutliner' in 0.0004 seconds. Added 0 classes and 0 folders.
[2019.01.14-01.57.52:311][  0]LogLoad: (Engine Initialization) Total time: 19.69 seconds
[2019.01.14-01.57.52:312][  0]LogLoad: (Engine Initialization) Total Blueprint compile time: 0.00 seconds
[2019.01.14-01.57.52:386][  0]LogContentStreaming: Texture pool size now 1000 MB
[2019.01.14-01.57.52:459][  1]LogAssetRegistry: Asset discovery search completed in 10.9106 seconds
[2019.01.14-01.57.52:461][  1]LogCollectionManager: Rebuilt the object cache for 0 collections in 0.000000 seconds (found 0 objects)
[2019.01.14-01.57.52:461][  1]LogCollectionManager: Fixed up redirectors for 0 collections in 0.000162 seconds (updated 0 objects)
[2019.01.14-01.58.03:668][349]LogSlate: FSceneViewport::OnFocusLost() reason 0
[2019.01.14-01.58.06:105][429]LogSlate: Took 0.004931 seconds to synchronously load lazily loaded font '../../../Engine/Content/Slate/Fonts/Roboto-Light.ttf' (167K)
[2019.01.14-01.58.06:144][429]LogAssetEditorManager: Opening Asset editor for Blueprint /Game/Blueprints/BP_ExtractionZone.BP_ExtractionZone
[2019.01.14-01.58.06:777][429]LogContentBrowser: Native class hierarchy updated for 'BlueprintGraph' in 0.0007 seconds. Added 117 classes and 0 folders.
[2019.01.14-01.58.08:937][476]LogSlate: Window 'BP_ExtractionZone' being destroyed
[2019.01.14-01.58.09:036][476]LogAssetEditorManager: Opening Asset editor for Blueprint /Game/Blueprints/BP_ExtractionZone.BP_ExtractionZone
[2019.01.14-01.58.09:447][476]LogSlate: Took 0.004112 seconds to synchronously load lazily loaded font '../../../Engine/Content/Slate/Fonts/Roboto-BoldCondensed.ttf' (158K)
[2019.01.14-01.58.27:972][397]BlueprintLog: New page: Compile BP_ExtractionZone
[2019.01.14-01.58.28:201][397]Cmd: OBJ SAVEPACKAGE PACKAGE="/Game/Blueprints/BP_ExtractionZone" FILE="../../../../../../Users/David Schriemer/Desktop/StealthGame 4.21/Content/Blueprints/BP_ExtractionZone.uasset" SILENT=true
[2019.01.14-01.58.28:221][397]LogSavePackage: Moving '../../../../../../Users/David Schriemer/Desktop/StealthGame 4.21/Saved/BP_ExtractionZone7D33DC10481CEB59B0978BBFAF71CB51.tmp' to '../../../../../../Users/David Schriemer/Desktop/StealthGame 4.21/Content/Blueprints/BP_ExtractionZone.uasset'
[2019.01.14-01.58.30:472][481]LogSlate: Window 'BP_ExtractionZone' being destroyed
[2019.01.14-01.58.30:487][481]LogSlate: Window 'BP_ExtractionZone' being destroyed
[2019.01.14-01.58.32:340][565]LogTemp: Repeating last play command: Selected Viewport
[2019.01.14-01.58.32:362][565]LogBlueprintUserMessages: Early PlayInEditor Detection: Level '/Game/Maps/FirstPersonExampleMap.FirstPersonExampleMap:PersistentLevel' has LevelScriptBlueprint '/Game/Maps/FirstPersonExampleMap.FirstPersonExampleMap:PersistentLevel.FirstPersonExampleMap' with GeneratedClass '/Game/Maps/FirstPersonExampleMap.FirstPersonExampleMap_C' with ClassGeneratedBy '/Game/Maps/FirstPersonExampleMap.FirstPersonExampleMap:PersistentLevel.FirstPersonExampleMap'
[2019.01.14-01.58.32:363][565]LogPlayLevel: PlayLevel: No blueprints needed recompiling
[2019.01.14-01.58.32:363][565]PIE: New page: PIE session: FirstPersonExampleMap (Jan 13, 2019, 9:58:32 AM)
[2019.01.14-01.58.32:378][565]LogPlayLevel: Creating play world package: /Game/Maps/UEDPIE_0_FirstPersonExampleMap
[2019.01.14-01.58.32:429][565]LogPlayLevel: PIE: StaticDuplicateObject took: (0.050097s)
[2019.01.14-01.58.32:429][565]LogAIModule: Creating AISystem for world FirstPersonExampleMap
[2019.01.14-01.58.32:430][565]LogPlayLevel: PIE: World Init took: (0.000984s)
[2019.01.14-01.58.32:430][565]LogPlayLevel: PIE: Created PIE world by copying editor world from /Game/Maps/FirstPersonExampleMap.FirstPersonExampleMap to /Game/Maps/UEDPIE_0_FirstPersonExampleMap.FirstPersonExampleMap (0.051742s)
[2019.01.14-01.58.32:477][565]LogInit: XAudio2 using 'Headphones (Cirrus Logic CS4208 (AB 94))' : 2 channels at 48 kHz using 32 bits per sample (channel mask 0x3)
[2019.01.14-01.58.32:491][565]LogInit: FAudioDevice initialized.
[2019.01.14-01.58.32:543][565]LogLoad: Game class is 'BP_GameMode_C'
[2019.01.14-01.58.32:548][565]LogWorld: Bringing World /Game/Maps/UEDPIE_0_FirstPersonExampleMap.FirstPersonExampleMap up for play (max tick rate 60) at 2019.01.13-17.58.32
[2019.01.14-01.58.32:548][565]LogWorld: Bringing up level for play took: 0.002895
[2019.01.14-01.58.32:570][565]LogContentBrowser: Native class hierarchy updated for 'MovieSceneCapture' in 0.0005 seconds. Added 20 classes and 0 folders.
[2019.01.14-01.58.32:572][565]PIE: Play in editor start time for /Game/Maps/UEDPIE_0_FirstPersonExampleMap -0.486
[2019.01.14-01.58.32:572][565]LogBlueprintUserMessages: Late PlayInEditor Detection: Level '/Game/Maps/FirstPersonExampleMap.FirstPersonExampleMap:PersistentLevel' has LevelScriptBlueprint '/Game/Maps/FirstPersonExampleMap.FirstPersonExampleMap:PersistentLevel.FirstPersonExampleMap' with GeneratedClass '/Game/Maps/FirstPersonExampleMap.FirstPersonExampleMap_C' with ClassGeneratedBy '/Game/Maps/FirstPersonExampleMap.FirstPersonExampleMap:PersistentLevel.FirstPersonExampleMap'
[2019.01.14-01.58.36:906][757]LogTemp: Overlapped with extraction zone!
[2019.01.14-01.58.41:440][944]LogTemp: Overlapped with extraction zone!
[2019.01.14-01.58.42:611][995]LogBlueprintUserMessages: Early EndPlayMap Detection: Level '/Game/Maps/FirstPersonExampleMap.FirstPersonExampleMap:PersistentLevel' has LevelScriptBlueprint '/Game/Maps/FirstPersonExampleMap.FirstPersonExampleMap:PersistentLevel.FirstPersonExampleMap' with GeneratedClass '/Game/Maps/FirstPersonExampleMap.FirstPersonExampleMap_C' with ClassGeneratedBy '/Game/Maps/FirstPersonExampleMap.FirstPersonExampleMap:PersistentLevel.FirstPersonExampleMap'
[2019.01.14-01.58.42:612][995]LogSlate: Updating window title bar state: overlay mode, drag disabled, window buttons hidden, title bar hidden
[2019.01.14-01.58.42:669][995]LogPlayLevel: Display: Shutting down PIE online subsystems
[2019.01.14-01.58.42:669][995]LogBlueprintUserMessages: Late EndPlayMap Detection: Level '/Game/Maps/FirstPersonExampleMap.FirstPersonExampleMap:PersistentLevel' has LevelScriptBlueprint '/Game/Maps/FirstPersonExampleMap.FirstPersonExampleMap:PersistentLevel.FirstPersonExampleMap' with GeneratedClass '/Game/Maps/FirstPersonExampleMap.FirstPersonExampleMap_C' with ClassGeneratedBy '/Game/Maps/FirstPersonExampleMap.FirstPersonExampleMap:PersistentLevel.FirstPersonExampleMap'
[2019.01.14-01.58.42:713][995]LogSlate: Updating window title bar state: overlay mode, drag disabled, window buttons hidden, title bar hidden
[2019.01.14-01.58.42:762][996]LogPlayLevel: Display: Destroying online subsystem :Context_6
[2019.01.14-02.08.03:146][825]LogSavePackage: Moving '../../../../../../Users/David Schriemer/Desktop/StealthGame 4.21/Saved/FirstPersonExampleMap_Auto1CC8DC1344F81C68C366AF3A712B366B1.tmp' to '../../../../../../Users/David Schriemer/Desktop/StealthGame 4.21/Saved/Autosaves/Game/Maps/FirstPersonExampleMap_Auto1.umap'
[2019.01.14-02.08.03:151][825]LogFileHelpers: Editor autosave (incl. sublevels) for '/Game/Maps/FirstPersonExampleMap' took 0.264
[2019.01.14-02.08.03:151][825]LogFileHelpers: Editor autosave (incl. sublevels) for all levels took 0.264
[2019.01.14-02.15.05:701][ 82]LogSlate: FSceneViewport::OnFocusLost() reason 2
[2019.01.14-02.15.07:269][124]LogSlate: FSceneViewport::OnFocusLost() reason 2
[2019.01.14-02.15.07:329][124]LogSlate: FSceneViewport::OnFocusLost() reason 2
[2019.01.14-02.15.41:368][539]Running C:/Program Files/Epic Games/UE_4.21/Engine/Binaries/DotNET/UnrealBuildTool.exe Win64 Development -TargetType=Editor -Project="C:/Users/David Schriemer/Desktop/StealthGame 4.21/FPSGame.uproject" -invalidatemakefilesonly
[2019.01.14-02.15.42:377][539]Invalidating makefiles only in this run.
[2019.01.14-02.15.42:647][539]Candidate modules for hot reload:
[2019.01.14-02.15.42:647][539]  FPSGame
[2019.01.14-02.15.42:647][539]Launching UnrealBuildTool... [C:/Program Files/Epic Games/UE_4.21/Engine/Binaries/DotNET/UnrealBuildTool.exe  -ModuleWithSuffix=FPSGame,4465 Win64 Development -TargetType=Editor -Project="../../../../../../Users/David Schriemer/Desktop/StealthGame 4.21/FPSGame.uproject" -canskiplink "C:/Users/David Schriemer/Desktop/StealthGame 4.21/FPSGame.uproject" ]
[2019.01.14-02.16.06:714][539]CompilerResultsLog: New page: Compilation - Jan 13, 2019, 10:16:06 AM
[2019.01.14-02.16.06:714][539]CompilerResultsLog: Creating makefile for hot reloading FPSGameEditor (no existing makefile)
[2019.01.14-02.16.06:714][539]CompilerResultsLog: Compiling game modules for hot reload
[2019.01.14-02.16.06:714][539]CompilerResultsLog: Using Visual Studio 2017 14.16.27023 toolchain (C:\Program Files (x86)\Microsoft Visual Studio\2017\Community\VC\Tools\MSVC\14.16.27023) and Windows 10.0.17763.0 SDK (C:\Program Files (x86)\Windows Kits\10).
[2019.01.14-02.16.06:715][539]CompilerResultsLog: Parsing headers for FPSGameEditor
[2019.01.14-02.16.06:715][539]CompilerResultsLog:   Running UnrealHeaderTool "C:\Users\David Schriemer\Desktop\StealthGame 4.21\FPSGame.uproject" "C:\Users\David Schriemer\Desktop\StealthGame 4.21\Intermediate\Build\Win64\FPSGameEditor\Development\FPSGameEditor.uhtmanifest" -LogCmds="loginit warning, logexit warning, logdatabase error" -Unattended -WarningsAsErrors -installed
[2019.01.14-02.16.06:715][539]CompilerResultsLog: Reflection code generated for FPSGameEditor in 13.4936059 seconds
[2019.01.14-02.16.06:715][539]CompilerResultsLog: Building 5 actions with 8 processes...
[2019.01.14-02.16.06:715][539]CompilerResultsLog:   [1/5] FPSGame.init.gen.cpp
[2019.01.14-02.16.06:715][539]CompilerResultsLog:   [2/5] FPSAIGUARD.cpp
[2019.01.14-02.16.06:715][539]CompilerResultsLog:   [3/5] FPSAIGUARD.gen.cpp
[2019.01.14-02.16.06:715][539]CompilerResultsLog:   [4/5] UE4Editor-FPSGame-4465.lib
[2019.01.14-02.16.06:715][539]CompilerResultsLog:      Creating library C:\Users\David Schriemer\Desktop\StealthGame 4.21\Intermediate\Build\Win64\UE4Editor\Development\FPSGame\UE4Editor-FPSGame-4465.lib and object C:\Users\David Schriemer\Desktop\StealthGame 4.21\Intermediate\Build\Win64\UE4Editor\Development\FPSGame\UE4Editor-FPSGame-4465.exp
[2019.01.14-02.16.06:715][539]CompilerResultsLog:   [5/5] UE4Editor-FPSGame-4465.dll
[2019.01.14-02.16.06:715][539]CompilerResultsLog:      Creating library C:\Users\David Schriemer\Desktop\StealthGame 4.21\Intermediate\Build\Win64\UE4Editor\Development\FPSGame\UE4Editor-FPSGame-4465.suppressed.lib and object C:\Users\David Schriemer\Desktop\StealthGame 4.21\Intermediate\Build\Win64\UE4Editor\Development\FPSGame\UE4Editor-FPSGame-4465.suppressed.exp
[2019.01.14-02.16.06:716][539]CompilerResultsLog: Total build time: 23.74 seconds (Parallel executor: 2.72 seconds)
[2019.01.14-02.16.06:716][539]LogMainFrame: MainFrame: Module compiling took 24.085 seconds
[2019.01.14-02.16.06:785][539]LogClass: Could not find existing class FPSAIGUARD in package /Script/FPSGame for HotReload, assuming new class
[2019.01.14-02.16.06:816][539]LogContentBrowser: Native class hierarchy updated for 'FPSGame' in 0.0008 seconds. Added 7 classes and 3 folders.
[2019.01.14-02.16.06:820][539]Display: HotReload successful (2 functions remapped  0 scriptstructs remapped)
[2019.01.14-02.16.07:346][539]LogContentBrowser: Native class hierarchy populated in 0.0099 seconds. Added 2659 classes and 625 folders.
[2019.01.14-02.16.07:346][539]Display: HotReload took 24.7s.
[2019.01.14-02.16.07:352][539]Warning: HotReload operation took 24.7s.
[2019.01.14-02.16.08:040][539]LogSlate: Window 'Add C++ Class' being destroyed
[2019.01.14-02.16.08:130][539]LogSlate: FSceneViewport::OnFocusLost() reason 2
[2019.01.14-02.16.08:164][540]LogHotReload: New module detected: UE4Editor-FPSGame-4465.dll
[2019.01.14-02.16.08:193][541]LogHotReload: Starting Hot-Reload from IDE
[2019.01.14-02.16.08:348][541]LogContentBrowser: Native class hierarchy updated for 'FPSGame' in 0.0004 seconds. Added 7 classes and 3 folders.
[2019.01.14-02.16.08:351][541]Display: HotReload successful (0 functions remapped  0 scriptstructs remapped)
[2019.01.14-02.16.08:761][541]LogContentBrowser: Native class hierarchy populated in 0.0136 seconds. Added 2659 classes and 625 folders.
[2019.01.14-02.16.08:776][541]Display: HotReload took  0.6s.
